This file contains any messages produced by compilers while
running configure, to aid debugging if configure makes a mistake.

It was created by openocd configure 0.10.0-dev, which was
generated by GNU Autoconf 2.69.  Invocation command line was

  $ /Host/Work/openocd/gnuarmeclipse-openocd.git/configure --build=x86_64-linux-gnu --host=x86_64-w64-mingw32 --prefix=/Host/Work/openocd/install/win64/openocd --datarootdir=/Host/Work/openocd/install/win64 --infodir=/Host/Work/openocd/install/win64/openocd/info --localedir=/Host/Work/openocd/install/win64/openocd/locale --mandir=/Host/Work/openocd/install/win64/openocd/man --docdir=/Host/Work/openocd/install/win64/openocd/doc --enable-aice --enable-amtjtagaccel --enable-armjtagew --enable-cmsis-dap --enable-dummy --enable-ftdi --enable-gw16012 --enable-jlink --enable-jtag_vpi --enable-opendous --enable-openjtag_ftdi --enable-osbdm --enable-legacy-ft2232_libftdi --enable-parport --disable-parport-ppdev --enable-parport-giveio --enable-presto_libftdi --enable-remote-bitbang --enable-rlink --enable-stlink --enable-ti-icdi --enable-ulink --enable-usb-blaster-2 --enable-usb_blaster_libftdi --enable-usbprog --enable-vsllink

## --------- ##
## Platform. ##
## --------- ##

hostname = docker
uname -m = x86_64
uname -r = 4.0.7-boot2docker
uname -s = Linux
uname -v = #1 SMP Wed Jul 15 00:01:41 UTC 2015

/usr/bin/uname -p = unknown
/bin/uname -X     = unknown

/bin/arch              = unknown
/usr/bin/arch -k       = unknown
/usr/convex/getsysinfo = unknown
/usr/bin/hostinfo      = unknown
/bin/machine           = unknown
/usr/bin/oslevel       = unknown
/bin/universe          = unknown

PATH: /usr/local/sbin
PATH: /usr/local/bin
PATH: /usr/sbin
PATH: /usr/bin
PATH: /sbin
PATH: /bin


## ----------- ##
## Core tests. ##
## ----------- ##

configure:2601: checking for makeinfo
configure:2617: found /usr/bin/makeinfo
configure:2628: result: makeinfo
configure:2688: checking for a BSD-compatible install
configure:2756: result: /usr/bin/install -c
configure:2767: checking whether build environment is sane
configure:2822: result: yes
configure:2881: checking for x86_64-w64-mingw32-strip
configure:2897: found /usr/bin/x86_64-w64-mingw32-strip
configure:2908: result: x86_64-w64-mingw32-strip
configure:2973: checking for a thread-safe mkdir -p
configure:3012: result: /bin/mkdir -p
configure:3019: checking for gawk
configure:3049: result: no
configure:3019: checking for mawk
configure:3035: found /usr/bin/mawk
configure:3046: result: mawk
configure:3057: checking whether make sets $(MAKE)
configure:3079: result: yes
configure:3108: checking whether make supports nested variables
configure:3125: result: yes
configure:3270: checking for x86_64-w64-mingw32-gcc
configure:3286: found /usr/bin/x86_64-w64-mingw32-gcc
configure:3297: result: x86_64-w64-mingw32-gcc
configure:3566: checking for C compiler version
configure:3575: x86_64-w64-mingw32-gcc --version >&5
x86_64-w64-mingw32-gcc (GCC) 4.9.1
Copyright (C) 2014 Free Software Foundation, Inc.
This is free software; see the source for copying conditions.  There is NO
warranty; not even for MERCHANTABILITY or FITNESS FOR A PARTICULAR PURPOSE.

configure:3586: $? = 0
configure:3575: x86_64-w64-mingw32-gcc -v >&5
Using built-in specs.
COLLECT_GCC=x86_64-w64-mingw32-gcc
COLLECT_LTO_WRAPPER=/usr/lib/gcc/x86_64-w64-mingw32/4.9-win32/lto-wrapper
Target: x86_64-w64-mingw32
Configured with: ../../src/configure --build=x86_64-linux-gnu --prefix=/usr --includedir='/usr/include' --mandir='/usr/share/man' --infodir='/usr/share/info' --sysconfdir=/etc --localstatedir=/var --libexecdir='/usr/lib/gcc-mingw-w64' --disable-maintainer-mode --disable-dependency-tracking --prefix=/usr --enable-shared --enable-static --disable-multilib --with-system-zlib --libexecdir=/usr/lib --without-included-gettext --libdir=/usr/lib --enable-libstdcxx-time=yes --with-tune=generic --enable-version-specific-runtime-libs --enable-fully-dynamic-string --enable-libgomp --enable-languages=c,c++,fortran,objc,obj-c++ --enable-lto --with-plugin-ld --enable-threads=win32 --program-suffix=-win32 --program-prefix=x86_64-w64-mingw32- --target=x86_64-w64-mingw32 --with-as=/usr/bin/x86_64-w64-mingw32-as --with-ld=/usr/bin/x86_64-w64-mingw32-ld
Thread model: win32
gcc version 4.9.1 (GCC) 
configure:3586: $? = 0
configure:3575: x86_64-w64-mingw32-gcc -V >&5
x86_64-w64-mingw32-gcc: error: unrecognized command line option '-V'
x86_64-w64-mingw32-gcc: fatal error: no input files
compilation terminated.
configure:3586: $? = 4
configure:3575: x86_64-w64-mingw32-gcc -qversion >&5
x86_64-w64-mingw32-gcc: error: unrecognized command line option '-qversion'
x86_64-w64-mingw32-gcc: fatal error: no input files
compilation terminated.
configure:3586: $? = 4
configure:3606: checking whether the C compiler works
configure:3628: x86_64-w64-mingw32-gcc  -m64 -pipe  conftest.c  >&5
configure:3632: $? = 0
configure:3680: result: yes
configure:3683: checking for C compiler default output file name
configure:3685: result: a.exe
configure:3691: checking for suffix of executables
configure:3698: x86_64-w64-mingw32-gcc -o conftest.exe  -m64 -pipe  conftest.c  >&5
configure:3702: $? = 0
configure:3724: result: .exe
configure:3746: checking whether we are cross compiling
configure:3784: result: yes
configure:3789: checking for suffix of object files
configure:3811: x86_64-w64-mingw32-gcc -c  -m64 -pipe conftest.c >&5
configure:3815: $? = 0
configure:3836: result: o
configure:3840: checking whether we are using the GNU C compiler
configure:3859: x86_64-w64-mingw32-gcc -c  -m64 -pipe conftest.c >&5
configure:3859: $? = 0
configure:3868: result: yes
configure:3877: checking whether x86_64-w64-mingw32-gcc accepts -g
configure:3897: x86_64-w64-mingw32-gcc -c -g -m64 -pipe conftest.c >&5
configure:3897: $? = 0
configure:3938: result: yes
configure:3955: checking for x86_64-w64-mingw32-gcc option to accept ISO C89
configure:4018: x86_64-w64-mingw32-gcc  -c -g -O2 -m64 -pipe conftest.c >&5
configure:4018: $? = 0
configure:4031: result: none needed
configure:4056: checking whether x86_64-w64-mingw32-gcc understands -c and -o together
configure:4078: x86_64-w64-mingw32-gcc -c conftest.c -o conftest2.o
configure:4081: $? = 0
configure:4078: x86_64-w64-mingw32-gcc -c conftest.c -o conftest2.o
configure:4081: $? = 0
configure:4093: result: yes
configure:4121: checking for style of include used by make
configure:4149: result: GNU
configure:4175: checking dependency style of x86_64-w64-mingw32-gcc
configure:4286: result: gcc3
configure:4301: checking for x86_64-w64-mingw32-gcc option to accept ISO C99
configure:4450: x86_64-w64-mingw32-gcc  -c -g -O2 -m64 -pipe conftest.c >&5
conftest.c:61:29: error: expected ';', ',' or ')' before 'text'
 test_restrict (ccp restrict text)
                             ^
conftest.c: In function 'main':
conftest.c:115:18: error: expected '=', ',', ';', 'asm' or '__attribute__' before 'newvar'
   char *restrict newvar = "Another string";
                  ^
conftest.c:115:18: error: 'newvar' undeclared (first use in this function)
conftest.c:115:18: note: each undeclared identifier is reported only once for each function it appears in
conftest.c:125:3: error: 'for' loop initial declarations are only allowed in C99 or C11 mode
   for (int i = 0; i < ia->datasize; ++i)
   ^
conftest.c:125:3: note: use option -std=c99, -std=gnu99, -std=c11 or -std=gnu11 to compile your code
configure:4450: $? = 1
configure: failed program was:
| /* confdefs.h */
| #define PACKAGE_NAME "openocd"
| #define PACKAGE_TARNAME "openocd"
| #define PACKAGE_VERSION "0.10.0-dev"
| #define PACKAGE_STRING "openocd 0.10.0-dev"
| #define PACKAGE_BUGREPORT "OpenOCD Mailing List <openocd-devel@lists.sourceforge.net>"
| #define PACKAGE_URL ""
| #define PACKAGE "openocd"
| #define VERSION "0.10.0-dev"
| /* end confdefs.h.  */
| #include <stdarg.h>
| #include <stdbool.h>
| #include <stdlib.h>
| #include <wchar.h>
| #include <stdio.h>
| 
| // Check varargs macros.  These examples are taken from C99 6.10.3.5.
| #define debug(...) fprintf (stderr, __VA_ARGS__)
| #define showlist(...) puts (#__VA_ARGS__)
| #define report(test,...) ((test) ? puts (#test) : printf (__VA_ARGS__))
| static void
| test_varargs_macros (void)
| {
|   int x = 1234;
|   int y = 5678;
|   debug ("Flag");
|   debug ("X = %d\n", x);
|   showlist (The first, second, and third items.);
|   report (x>y, "x is %d but y is %d", x, y);
| }
| 
| // Check long long types.
| #define BIG64 18446744073709551615ull
| #define BIG32 4294967295ul
| #define BIG_OK (BIG64 / BIG32 == 4294967297ull && BIG64 % BIG32 == 0)
| #if !BIG_OK
|   your preprocessor is broken;
| #endif
| #if BIG_OK
| #else
|   your preprocessor is broken;
| #endif
| static long long int bignum = -9223372036854775807LL;
| static unsigned long long int ubignum = BIG64;
| 
| struct incomplete_array
| {
|   int datasize;
|   double data[];
| };
| 
| struct named_init {
|   int number;
|   const wchar_t *name;
|   double average;
| };
| 
| typedef const char *ccp;
| 
| static inline int
| test_restrict (ccp restrict text)
| {
|   // See if C++-style comments work.
|   // Iterate through items via the restricted pointer.
|   // Also check for declarations in for loops.
|   for (unsigned int i = 0; *(text+i) != '\0'; ++i)
|     continue;
|   return 0;
| }
| 
| // Check varargs and va_copy.
| static void
| test_varargs (const char *format, ...)
| {
|   va_list args;
|   va_start (args, format);
|   va_list args_copy;
|   va_copy (args_copy, args);
| 
|   const char *str;
|   int number;
|   float fnumber;
| 
|   while (*format)
|     {
|       switch (*format++)
| 	{
| 	case 's': // string
| 	  str = va_arg (args_copy, const char *);
| 	  break;
| 	case 'd': // int
| 	  number = va_arg (args_copy, int);
| 	  break;
| 	case 'f': // float
| 	  fnumber = va_arg (args_copy, double);
| 	  break;
| 	default:
| 	  break;
| 	}
|     }
|   va_end (args_copy);
|   va_end (args);
| }
| 
| int
| main ()
| {
| 
|   // Check bool.
|   _Bool success = false;
| 
|   // Check restrict.
|   if (test_restrict ("String literal") == 0)
|     success = true;
|   char *restrict newvar = "Another string";
| 
|   // Check varargs.
|   test_varargs ("s, d' f .", "string", 65, 34.234);
|   test_varargs_macros ();
| 
|   // Check flexible array members.
|   struct incomplete_array *ia =
|     malloc (sizeof (struct incomplete_array) + (sizeof (double) * 10));
|   ia->datasize = 10;
|   for (int i = 0; i < ia->datasize; ++i)
|     ia->data[i] = i * 1.234;
| 
|   // Check named initializers.
|   struct named_init ni = {
|     .number = 34,
|     .name = L"Test wide string",
|     .average = 543.34343,
|   };
| 
|   ni.number = 58;
| 
|   int dynamic_array[ni.number];
|   dynamic_array[ni.number - 1] = 543;
| 
|   // work around unused variable warnings
|   return (!success || bignum == 0LL || ubignum == 0uLL || newvar[0] == 'x'
| 	  || dynamic_array[ni.number - 1] != 543);
| 
|   ;
|   return 0;
| }
configure:4450: x86_64-w64-mingw32-gcc -std=gnu99 -c -g -O2 -m64 -pipe conftest.c >&5
configure:4450: $? = 0
configure:4470: result: -std=gnu99
configure:4482: checking for x86_64-w64-mingw32-ranlib
configure:4498: found /usr/bin/x86_64-w64-mingw32-ranlib
configure:4509: result: x86_64-w64-mingw32-ranlib
configure:4680: checking pkg-config is at least version 0.23
configure:4683: result: yes
configure:4755: checking build system type
configure:4769: result: x86_64-pc-linux-gnu
configure:4789: checking host system type
configure:4802: result: x86_64-w64-mingw32
configure:4843: checking how to print strings
configure:4870: result: printf
configure:4891: checking for a sed that does not truncate output
configure:4955: result: /bin/sed
configure:4973: checking for grep that handles long lines and -e
configure:5031: result: /bin/grep
configure:5036: checking for egrep
configure:5098: result: /bin/grep -E
configure:5103: checking for fgrep
configure:5165: result: /bin/grep -F
configure:5200: checking for ld used by x86_64-w64-mingw32-gcc -std=gnu99
configure:5267: result: /usr/bin/x86_64-w64-mingw32-ld
configure:5274: checking if the linker (/usr/bin/x86_64-w64-mingw32-ld) is GNU ld
configure:5289: result: yes
configure:5301: checking for BSD- or MS-compatible name lister (nm)
configure:5355: result: /usr/bin/x86_64-w64-mingw32-nm -B
configure:5485: checking the name lister (/usr/bin/x86_64-w64-mingw32-nm -B) interface
configure:5492: x86_64-w64-mingw32-gcc -std=gnu99 -c -g -O2 -m64 -pipe conftest.c >&5
configure:5495: /usr/bin/x86_64-w64-mingw32-nm -B "conftest.o"
configure:5498: output
0000000000000000 b .bss
0000000000000000 d .data
0000000000000000 N .debug_abbrev
0000000000000000 N .debug_aranges
0000000000000000 N .debug_info
0000000000000000 N .debug_line
0000000000000000 r .rdata$zzz
0000000000000000 t .text
0000000000000000 B some_variable
configure:5505: result: BSD nm
configure:5508: checking whether ln -s works
configure:5512: result: yes
configure:5520: checking the maximum length of command line arguments
configure:5651: result: 1572864
configure:5699: checking how to convert x86_64-pc-linux-gnu file names to x86_64-w64-mingw32 format
configure:5739: result: func_convert_file_nix_to_w32
configure:5746: checking how to convert x86_64-pc-linux-gnu file names to toolchain format
configure:5766: result: func_convert_file_noop
configure:5773: checking for /usr/bin/x86_64-w64-mingw32-ld option to reload object files
configure:5780: result: -r
configure:5814: checking for x86_64-w64-mingw32-objdump
configure:5830: found /usr/bin/x86_64-w64-mingw32-objdump
configure:5841: result: x86_64-w64-mingw32-objdump
configure:5913: checking how to recognize dependent libraries
configure:6113: result: file_magic ^x86 archive import|^x86 DLL
configure:6158: checking for x86_64-w64-mingw32-dlltool
configure:6174: found /usr/bin/x86_64-w64-mingw32-dlltool
configure:6185: result: x86_64-w64-mingw32-dlltool
configure:6258: checking how to associate runtime and link libraries
configure:6285: result: func_cygming_dll_for_implib
configure:6302: checking for x86_64-w64-mingw32-ar
configure:6318: found /usr/bin/x86_64-w64-mingw32-ar
configure:6329: result: x86_64-w64-mingw32-ar
configure:6410: checking for archiver @FILE support
configure:6427: x86_64-w64-mingw32-gcc -std=gnu99 -c -g -O2 -m64 -pipe conftest.c >&5
configure:6427: $? = 0
configure:6430: x86_64-w64-mingw32-ar cru libconftest.a @conftest.lst >&5
configure:6433: $? = 0
configure:6438: x86_64-w64-mingw32-ar cru libconftest.a @conftest.lst >&5
x86_64-w64-mingw32-ar: conftest.o: No such file or directory
configure:6441: $? = 1
configure:6453: result: @
configure:6471: checking for x86_64-w64-mingw32-strip
configure:6498: result: x86_64-w64-mingw32-strip
configure:6570: checking for x86_64-w64-mingw32-ranlib
configure:6597: result: x86_64-w64-mingw32-ranlib
configure:6739: checking command to parse /usr/bin/x86_64-w64-mingw32-nm -B output from x86_64-w64-mingw32-gcc -std=gnu99 object
configure:6892: x86_64-w64-mingw32-gcc -std=gnu99 -c -g -O2 -m64 -pipe conftest.c >&5
configure:6895: $? = 0
configure:6899: /usr/bin/x86_64-w64-mingw32-nm -B conftest.o \| sed -n -e 's/^.*[ ]\([ABCDGIRSTW][ABCDGIRSTW]*\)[ ][ ]*\([_A-Za-z][_A-Za-z0-9]*\)$/\1 \2 \2/p' | sed '/ __gnu_lto/d' \> conftest.nm
configure:6902: $? = 0
configure:6968: x86_64-w64-mingw32-gcc -std=gnu99 -o conftest.exe -g -O2 -m64 -pipe  conftest.c conftstm.o >&5
configure:6971: $? = 0
configure:7009: result: ok
configure:7056: checking for sysroot
configure:7086: result: no
configure:7093: checking for a working dd
configure:7131: result: /bin/dd
configure:7135: checking how to truncate binary pipes
configure:7150: result: /bin/dd bs=4096 count=1
configure:7439: checking for x86_64-w64-mingw32-mt
configure:7469: result: no
configure:7479: checking for mt
configure:7509: result: no
configure:7529: checking if : is a manifest tool
configure:7535: : '-?'
configure:7543: result: no
configure:8220: checking how to run the C preprocessor
configure:8251: x86_64-w64-mingw32-gcc -std=gnu99 -E -m64 -pipe conftest.c
configure:8251: $? = 0
configure:8265: x86_64-w64-mingw32-gcc -std=gnu99 -E -m64 -pipe conftest.c
conftest.c:11:28: fatal error: ac_nonexistent.h: No such file or directory
 #include <ac_nonexistent.h>
                            ^
compilation terminated.
configure:8265: $? = 1
configure: failed program was:
| /* confdefs.h */
| #define PACKAGE_NAME "openocd"
| #define PACKAGE_TARNAME "openocd"
| #define PACKAGE_VERSION "0.10.0-dev"
| #define PACKAGE_STRING "openocd 0.10.0-dev"
| #define PACKAGE_BUGREPORT "OpenOCD Mailing List <openocd-devel@lists.sourceforge.net>"
| #define PACKAGE_URL ""
| #define PACKAGE "openocd"
| #define VERSION "0.10.0-dev"
| /* end confdefs.h.  */
| #include <ac_nonexistent.h>
configure:8290: result: x86_64-w64-mingw32-gcc -std=gnu99 -E
configure:8310: x86_64-w64-mingw32-gcc -std=gnu99 -E -m64 -pipe conftest.c
configure:8310: $? = 0
configure:8324: x86_64-w64-mingw32-gcc -std=gnu99 -E -m64 -pipe conftest.c
conftest.c:11:28: fatal error: ac_nonexistent.h: No such file or directory
 #include <ac_nonexistent.h>
                            ^
compilation terminated.
configure:8324: $? = 1
configure: failed program was:
| /* confdefs.h */
| #define PACKAGE_NAME "openocd"
| #define PACKAGE_TARNAME "openocd"
| #define PACKAGE_VERSION "0.10.0-dev"
| #define PACKAGE_STRING "openocd 0.10.0-dev"
| #define PACKAGE_BUGREPORT "OpenOCD Mailing List <openocd-devel@lists.sourceforge.net>"
| #define PACKAGE_URL ""
| #define PACKAGE "openocd"
| #define VERSION "0.10.0-dev"
| /* end confdefs.h.  */
| #include <ac_nonexistent.h>
configure:8353: checking for ANSI C header files
configure:8373: x86_64-w64-mingw32-gcc -std=gnu99 -c -g -O2 -m64 -pipe conftest.c >&5
configure:8373: $? = 0
configure:8457: result: yes
configure:8470: checking for sys/types.h
configure:8470: x86_64-w64-mingw32-gcc -std=gnu99 -c -g -O2 -m64 -pipe conftest.c >&5
configure:8470: $? = 0
configure:8470: result: yes
configure:8470: checking for sys/stat.h
configure:8470: x86_64-w64-mingw32-gcc -std=gnu99 -c -g -O2 -m64 -pipe conftest.c >&5
configure:8470: $? = 0
configure:8470: result: yes
configure:8470: checking for stdlib.h
configure:8470: x86_64-w64-mingw32-gcc -std=gnu99 -c -g -O2 -m64 -pipe conftest.c >&5
configure:8470: $? = 0
configure:8470: result: yes
configure:8470: checking for string.h
configure:8470: x86_64-w64-mingw32-gcc -std=gnu99 -c -g -O2 -m64 -pipe conftest.c >&5
configure:8470: $? = 0
configure:8470: result: yes
configure:8470: checking for memory.h
configure:8470: x86_64-w64-mingw32-gcc -std=gnu99 -c -g -O2 -m64 -pipe conftest.c >&5
configure:8470: $? = 0
configure:8470: result: yes
configure:8470: checking for strings.h
configure:8470: x86_64-w64-mingw32-gcc -std=gnu99 -c -g -O2 -m64 -pipe conftest.c >&5
configure:8470: $? = 0
configure:8470: result: yes
configure:8470: checking for inttypes.h
configure:8470: x86_64-w64-mingw32-gcc -std=gnu99 -c -g -O2 -m64 -pipe conftest.c >&5
configure:8470: $? = 0
configure:8470: result: yes
configure:8470: checking for stdint.h
configure:8470: x86_64-w64-mingw32-gcc -std=gnu99 -c -g -O2 -m64 -pipe conftest.c >&5
configure:8470: $? = 0
configure:8470: result: yes
configure:8470: checking for unistd.h
configure:8470: x86_64-w64-mingw32-gcc -std=gnu99 -c -g -O2 -m64 -pipe conftest.c >&5
configure:8470: $? = 0
configure:8470: result: yes
configure:8484: checking for dlfcn.h
configure:8484: x86_64-w64-mingw32-gcc -std=gnu99 -c -g -O2 -m64 -pipe conftest.c >&5
conftest.c:55:19: fatal error: dlfcn.h: No such file or directory
 #include <dlfcn.h>
                   ^
compilation terminated.
configure:8484: $? = 1
configure: failed program was:
| /* confdefs.h */
| #define PACKAGE_NAME "openocd"
| #define PACKAGE_TARNAME "openocd"
| #define PACKAGE_VERSION "0.10.0-dev"
| #define PACKAGE_STRING "openocd 0.10.0-dev"
| #define PACKAGE_BUGREPORT "OpenOCD Mailing List <openocd-devel@lists.sourceforge.net>"
| #define PACKAGE_URL ""
| #define PACKAGE "openocd"
| #define VERSION "0.10.0-dev"
| #define STDC_HEADERS 1
| #define HAVE_SYS_TYPES_H 1
| #define HAVE_SYS_STAT_H 1
| #define HAVE_STDLIB_H 1
| #define HAVE_STRING_H 1
| #define HAVE_MEMORY_H 1
| #define HAVE_STRINGS_H 1
| #define HAVE_INTTYPES_H 1
| #define HAVE_STDINT_H 1
| #define HAVE_UNISTD_H 1
| /* end confdefs.h.  */
| #include <stdio.h>
| #ifdef HAVE_SYS_TYPES_H
| # include <sys/types.h>
| #endif
| #ifdef HAVE_SYS_STAT_H
| # include <sys/stat.h>
| #endif
| #ifdef STDC_HEADERS
| # include <stdlib.h>
| # include <stddef.h>
| #else
| # ifdef HAVE_STDLIB_H
| #  include <stdlib.h>
| # endif
| #endif
| #ifdef HAVE_STRING_H
| # if !defined STDC_HEADERS && defined HAVE_MEMORY_H
| #  include <memory.h>
| # endif
| # include <string.h>
| #endif
| #ifdef HAVE_STRINGS_H
| # include <strings.h>
| #endif
| #ifdef HAVE_INTTYPES_H
| # include <inttypes.h>
| #endif
| #ifdef HAVE_STDINT_H
| # include <stdint.h>
| #endif
| #ifdef HAVE_UNISTD_H
| # include <unistd.h>
| #endif
| 
| #include <dlfcn.h>
configure:8484: result: no
configure:8710: checking for objdir
configure:8725: result: .libs
configure:8985: checking if x86_64-w64-mingw32-gcc -std=gnu99 supports -fno-rtti -fno-exceptions
configure:9003: x86_64-w64-mingw32-gcc -std=gnu99 -c -g -O2 -m64 -pipe -fno-rtti -fno-exceptions conftest.c >&5
cc1: warning: command line option '-fno-rtti' is valid for C++/ObjC++ but not for C
configure:9007: $? = 0
configure:9020: result: no
configure:9378: checking for x86_64-w64-mingw32-gcc -std=gnu99 option to produce PIC
configure:9385: result: -DDLL_EXPORT -DPIC
configure:9393: checking if x86_64-w64-mingw32-gcc -std=gnu99 PIC flag -DDLL_EXPORT -DPIC works
configure:9411: x86_64-w64-mingw32-gcc -std=gnu99 -c -g -O2 -m64 -pipe -DDLL_EXPORT -DPIC -DPIC conftest.c >&5
configure:9415: $? = 0
configure:9428: result: yes
configure:9457: checking if x86_64-w64-mingw32-gcc -std=gnu99 static flag -static works
configure:9485: result: yes
configure:9500: checking if x86_64-w64-mingw32-gcc -std=gnu99 supports -c -o file.o
configure:9521: x86_64-w64-mingw32-gcc -std=gnu99 -c -g -O2 -m64 -pipe -o out/conftest2.o conftest.c >&5
configure:9525: $? = 0
configure:9547: result: yes
configure:9555: checking if x86_64-w64-mingw32-gcc -std=gnu99 supports -c -o file.o
configure:9602: result: yes
configure:9635: checking whether the x86_64-w64-mingw32-gcc -std=gnu99 linker (/usr/bin/x86_64-w64-mingw32-ld) supports shared libraries
configure:10894: result: yes
configure:11134: checking dynamic linker characteristics
configure:11952: result: Win32 ld.exe
configure:12074: checking how to hardcode library paths into programs
configure:12099: result: immediate
configure:12647: checking whether stripping libraries is possible
configure:12652: result: yes
configure:12687: checking if libtool supports shared libraries
configure:12689: result: yes
configure:12692: checking whether to build shared libraries
configure:12717: result: no
configure:12720: checking whether to build static libraries
configure:12724: result: yes
configure:12763: checking for an ANSI C-conforming const
configure:12829: x86_64-w64-mingw32-gcc -std=gnu99 -c -g -O2 -m64 -pipe conftest.c >&5
configure:12829: $? = 0
configure:12836: result: yes
configure:12845: checking for unsigned long long int
configure:12893: result: yes
configure:12903: checking for long long int
configure:12953: result: yes
configure:12962: checking for library containing ioperm
configure:12993: x86_64-w64-mingw32-gcc -std=gnu99 -o conftest.exe -g -O2 -m64 -pipe  conftest.c  >&5
/tmp/ccMgqJts.o: In function `main':
/Host/Work/openocd/build/win64/openocd/conftest.c:35: undefined reference to `ioperm'
collect2: error: ld returned 1 exit status
configure:12993: $? = 1
configure: failed program was:
| /* confdefs.h */
| #define PACKAGE_NAME "openocd"
| #define PACKAGE_TARNAME "openocd"
| #define PACKAGE_VERSION "0.10.0-dev"
| #define PACKAGE_STRING "openocd 0.10.0-dev"
| #define PACKAGE_BUGREPORT "OpenOCD Mailing List <openocd-devel@lists.sourceforge.net>"
| #define PACKAGE_URL ""
| #define PACKAGE "openocd"
| #define VERSION "0.10.0-dev"
| #define STDC_HEADERS 1
| #define HAVE_SYS_TYPES_H 1
| #define HAVE_SYS_STAT_H 1
| #define HAVE_STDLIB_H 1
| #define HAVE_STRING_H 1
| #define HAVE_MEMORY_H 1
| #define HAVE_STRINGS_H 1
| #define HAVE_INTTYPES_H 1
| #define HAVE_STDINT_H 1
| #define HAVE_UNISTD_H 1
| #define LT_OBJDIR ".libs/"
| #define HAVE_UNSIGNED_LONG_LONG_INT 1
| #define HAVE_LONG_LONG_INT 1
| /* end confdefs.h.  */
| 
| /* Override any GCC internal prototype to avoid an error.
|    Use char because int might match the return type of a GCC
|    builtin and then its argument prototype would still apply.  */
| #ifdef __cplusplus
| extern "C"
| #endif
| char ioperm ();
| int
| main ()
| {
| return ioperm ();
|   ;
|   return 0;
| }
configure:12993: x86_64-w64-mingw32-gcc -std=gnu99 -o conftest.exe -g -O2 -m64 -pipe  conftest.c -lioperm   >&5
/usr/bin/x86_64-w64-mingw32-ld: cannot find -lioperm
collect2: error: ld returned 1 exit status
configure:12993: $? = 1
configure: failed program was:
| /* confdefs.h */
| #define PACKAGE_NAME "openocd"
| #define PACKAGE_TARNAME "openocd"
| #define PACKAGE_VERSION "0.10.0-dev"
| #define PACKAGE_STRING "openocd 0.10.0-dev"
| #define PACKAGE_BUGREPORT "OpenOCD Mailing List <openocd-devel@lists.sourceforge.net>"
| #define PACKAGE_URL ""
| #define PACKAGE "openocd"
| #define VERSION "0.10.0-dev"
| #define STDC_HEADERS 1
| #define HAVE_SYS_TYPES_H 1
| #define HAVE_SYS_STAT_H 1
| #define HAVE_STDLIB_H 1
| #define HAVE_STRING_H 1
| #define HAVE_MEMORY_H 1
| #define HAVE_STRINGS_H 1
| #define HAVE_INTTYPES_H 1
| #define HAVE_STDINT_H 1
| #define HAVE_UNISTD_H 1
| #define LT_OBJDIR ".libs/"
| #define HAVE_UNSIGNED_LONG_LONG_INT 1
| #define HAVE_LONG_LONG_INT 1
| /* end confdefs.h.  */
| 
| /* Override any GCC internal prototype to avoid an error.
|    Use char because int might match the return type of a GCC
|    builtin and then its argument prototype would still apply.  */
| #ifdef __cplusplus
| extern "C"
| #endif
| char ioperm ();
| int
| main ()
| {
| return ioperm ();
|   ;
|   return 0;
| }
configure:13010: result: no
configure:13018: checking for library containing dlopen
configure:13049: x86_64-w64-mingw32-gcc -std=gnu99 -o conftest.exe -g -O2 -m64 -pipe  conftest.c  >&5
/tmp/ccFsBHJL.o: In function `main':
/Host/Work/openocd/build/win64/openocd/conftest.c:35: undefined reference to `dlopen'
collect2: error: ld returned 1 exit status
configure:13049: $? = 1
configure: failed program was:
| /* confdefs.h */
| #define PACKAGE_NAME "openocd"
| #define PACKAGE_TARNAME "openocd"
| #define PACKAGE_VERSION "0.10.0-dev"
| #define PACKAGE_STRING "openocd 0.10.0-dev"
| #define PACKAGE_BUGREPORT "OpenOCD Mailing List <openocd-devel@lists.sourceforge.net>"
| #define PACKAGE_URL ""
| #define PACKAGE "openocd"
| #define VERSION "0.10.0-dev"
| #define STDC_HEADERS 1
| #define HAVE_SYS_TYPES_H 1
| #define HAVE_SYS_STAT_H 1
| #define HAVE_STDLIB_H 1
| #define HAVE_STRING_H 1
| #define HAVE_MEMORY_H 1
| #define HAVE_STRINGS_H 1
| #define HAVE_INTTYPES_H 1
| #define HAVE_STDINT_H 1
| #define HAVE_UNISTD_H 1
| #define LT_OBJDIR ".libs/"
| #define HAVE_UNSIGNED_LONG_LONG_INT 1
| #define HAVE_LONG_LONG_INT 1
| /* end confdefs.h.  */
| 
| /* Override any GCC internal prototype to avoid an error.
|    Use char because int might match the return type of a GCC
|    builtin and then its argument prototype would still apply.  */
| #ifdef __cplusplus
| extern "C"
| #endif
| char dlopen ();
| int
| main ()
| {
| return dlopen ();
|   ;
|   return 0;
| }
configure:13049: x86_64-w64-mingw32-gcc -std=gnu99 -o conftest.exe -g -O2 -m64 -pipe  conftest.c -ldl   >&5
/usr/bin/x86_64-w64-mingw32-ld: cannot find -ldl
collect2: error: ld returned 1 exit status
configure:13049: $? = 1
configure: failed program was:
| /* confdefs.h */
| #define PACKAGE_NAME "openocd"
| #define PACKAGE_TARNAME "openocd"
| #define PACKAGE_VERSION "0.10.0-dev"
| #define PACKAGE_STRING "openocd 0.10.0-dev"
| #define PACKAGE_BUGREPORT "OpenOCD Mailing List <openocd-devel@lists.sourceforge.net>"
| #define PACKAGE_URL ""
| #define PACKAGE "openocd"
| #define VERSION "0.10.0-dev"
| #define STDC_HEADERS 1
| #define HAVE_SYS_TYPES_H 1
| #define HAVE_SYS_STAT_H 1
| #define HAVE_STDLIB_H 1
| #define HAVE_STRING_H 1
| #define HAVE_MEMORY_H 1
| #define HAVE_STRINGS_H 1
| #define HAVE_INTTYPES_H 1
| #define HAVE_STDINT_H 1
| #define HAVE_UNISTD_H 1
| #define LT_OBJDIR ".libs/"
| #define HAVE_UNSIGNED_LONG_LONG_INT 1
| #define HAVE_LONG_LONG_INT 1
| /* end confdefs.h.  */
| 
| /* Override any GCC internal prototype to avoid an error.
|    Use char because int might match the return type of a GCC
|    builtin and then its argument prototype would still apply.  */
| #ifdef __cplusplus
| extern "C"
| #endif
| char dlopen ();
| int
| main ()
| {
| return dlopen ();
|   ;
|   return 0;
| }
configure:13066: result: no
configure:13077: checking sys/socket.h usability
configure:13077: x86_64-w64-mingw32-gcc -std=gnu99 -c -g -O2 -m64 -pipe conftest.c >&5
conftest.c:57:24: fatal error: sys/socket.h: No such file or directory
 #include <sys/socket.h>
                        ^
compilation terminated.
configure:13077: $? = 1
configure: failed program was:
| /* confdefs.h */
| #define PACKAGE_NAME "openocd"
| #define PACKAGE_TARNAME "openocd"
| #define PACKAGE_VERSION "0.10.0-dev"
| #define PACKAGE_STRING "openocd 0.10.0-dev"
| #define PACKAGE_BUGREPORT "OpenOCD Mailing List <openocd-devel@lists.sourceforge.net>"
| #define PACKAGE_URL ""
| #define PACKAGE "openocd"
| #define VERSION "0.10.0-dev"
| #define STDC_HEADERS 1
| #define HAVE_SYS_TYPES_H 1
| #define HAVE_SYS_STAT_H 1
| #define HAVE_STDLIB_H 1
| #define HAVE_STRING_H 1
| #define HAVE_MEMORY_H 1
| #define HAVE_STRINGS_H 1
| #define HAVE_INTTYPES_H 1
| #define HAVE_STDINT_H 1
| #define HAVE_UNISTD_H 1
| #define LT_OBJDIR ".libs/"
| #define HAVE_UNSIGNED_LONG_LONG_INT 1
| #define HAVE_LONG_LONG_INT 1
| /* end confdefs.h.  */
| #include <stdio.h>
| #ifdef HAVE_SYS_TYPES_H
| # include <sys/types.h>
| #endif
| #ifdef HAVE_SYS_STAT_H
| # include <sys/stat.h>
| #endif
| #ifdef STDC_HEADERS
| # include <stdlib.h>
| # include <stddef.h>
| #else
| # ifdef HAVE_STDLIB_H
| #  include <stdlib.h>
| # endif
| #endif
| #ifdef HAVE_STRING_H
| # if !defined STDC_HEADERS && defined HAVE_MEMORY_H
| #  include <memory.h>
| # endif
| # include <string.h>
| #endif
| #ifdef HAVE_STRINGS_H
| # include <strings.h>
| #endif
| #ifdef HAVE_INTTYPES_H
| # include <inttypes.h>
| #endif
| #ifdef HAVE_STDINT_H
| # include <stdint.h>
| #endif
| #ifdef HAVE_UNISTD_H
| # include <unistd.h>
| #endif
| #include <sys/socket.h>
configure:13077: result: no
configure:13077: checking sys/socket.h presence
configure:13077: x86_64-w64-mingw32-gcc -std=gnu99 -E -m64 -pipe conftest.c
conftest.c:24:24: fatal error: sys/socket.h: No such file or directory
 #include <sys/socket.h>
                        ^
compilation terminated.
configure:13077: $? = 1
configure: failed program was:
| /* confdefs.h */
| #define PACKAGE_NAME "openocd"
| #define PACKAGE_TARNAME "openocd"
| #define PACKAGE_VERSION "0.10.0-dev"
| #define PACKAGE_STRING "openocd 0.10.0-dev"
| #define PACKAGE_BUGREPORT "OpenOCD Mailing List <openocd-devel@lists.sourceforge.net>"
| #define PACKAGE_URL ""
| #define PACKAGE "openocd"
| #define VERSION "0.10.0-dev"
| #define STDC_HEADERS 1
| #define HAVE_SYS_TYPES_H 1
| #define HAVE_SYS_STAT_H 1
| #define HAVE_STDLIB_H 1
| #define HAVE_STRING_H 1
| #define HAVE_MEMORY_H 1
| #define HAVE_STRINGS_H 1
| #define HAVE_INTTYPES_H 1
| #define HAVE_STDINT_H 1
| #define HAVE_UNISTD_H 1
| #define LT_OBJDIR ".libs/"
| #define HAVE_UNSIGNED_LONG_LONG_INT 1
| #define HAVE_LONG_LONG_INT 1
| /* end confdefs.h.  */
| #include <sys/socket.h>
configure:13077: result: no
configure:13077: checking for sys/socket.h
configure:13077: result: no
configure:13089: checking for arpa/inet.h
configure:13089: x86_64-w64-mingw32-gcc -std=gnu99 -c -g -O2 -m64 -pipe conftest.c >&5
conftest.c:38:23: fatal error: arpa/inet.h: No such file or directory
 #include <arpa/inet.h>
                       ^
compilation terminated.
configure:13089: $? = 1
configure: failed program was:
| /* confdefs.h */
| #define PACKAGE_NAME "openocd"
| #define PACKAGE_TARNAME "openocd"
| #define PACKAGE_VERSION "0.10.0-dev"
| #define PACKAGE_STRING "openocd 0.10.0-dev"
| #define PACKAGE_BUGREPORT "OpenOCD Mailing List <openocd-devel@lists.sourceforge.net>"
| #define PACKAGE_URL ""
| #define PACKAGE "openocd"
| #define VERSION "0.10.0-dev"
| #define STDC_HEADERS 1
| #define HAVE_SYS_TYPES_H 1
| #define HAVE_SYS_STAT_H 1
| #define HAVE_STDLIB_H 1
| #define HAVE_STRING_H 1
| #define HAVE_MEMORY_H 1
| #define HAVE_STRINGS_H 1
| #define HAVE_INTTYPES_H 1
| #define HAVE_STDINT_H 1
| #define HAVE_UNISTD_H 1
| #define LT_OBJDIR ".libs/"
| #define HAVE_UNSIGNED_LONG_LONG_INT 1
| #define HAVE_LONG_LONG_INT 1
| /* end confdefs.h.  */
| #include <stdio.h>
| #ifdef STDC_HEADERS
| # include <stdlib.h>
| # include <stddef.h>
| #else
| # ifdef HAVE_STDLIB_H
| #  include <stdlib.h>
| # endif
| #endif
| #ifdef HAVE_SYS_SOCKET_H
| # include <sys/socket.h>
| #endif
| 
| 
| #include <arpa/inet.h>
configure:13089: result: no
configure:13114: checking elf.h usability
configure:13114: x86_64-w64-mingw32-gcc -std=gnu99 -c -g -O2 -m64 -pipe conftest.c >&5
conftest.c:57:17: fatal error: elf.h: No such file or directory
 #include <elf.h>
                 ^
compilation terminated.
configure:13114: $? = 1
configure: failed program was:
| /* confdefs.h */
| #define PACKAGE_NAME "openocd"
| #define PACKAGE_TARNAME "openocd"
| #define PACKAGE_VERSION "0.10.0-dev"
| #define PACKAGE_STRING "openocd 0.10.0-dev"
| #define PACKAGE_BUGREPORT "OpenOCD Mailing List <openocd-devel@lists.sourceforge.net>"
| #define PACKAGE_URL ""
| #define PACKAGE "openocd"
| #define VERSION "0.10.0-dev"
| #define STDC_HEADERS 1
| #define HAVE_SYS_TYPES_H 1
| #define HAVE_SYS_STAT_H 1
| #define HAVE_STDLIB_H 1
| #define HAVE_STRING_H 1
| #define HAVE_MEMORY_H 1
| #define HAVE_STRINGS_H 1
| #define HAVE_INTTYPES_H 1
| #define HAVE_STDINT_H 1
| #define HAVE_UNISTD_H 1
| #define LT_OBJDIR ".libs/"
| #define HAVE_UNSIGNED_LONG_LONG_INT 1
| #define HAVE_LONG_LONG_INT 1
| /* end confdefs.h.  */
| #include <stdio.h>
| #ifdef HAVE_SYS_TYPES_H
| # include <sys/types.h>
| #endif
| #ifdef HAVE_SYS_STAT_H
| # include <sys/stat.h>
| #endif
| #ifdef STDC_HEADERS
| # include <stdlib.h>
| # include <stddef.h>
| #else
| # ifdef HAVE_STDLIB_H
| #  include <stdlib.h>
| # endif
| #endif
| #ifdef HAVE_STRING_H
| # if !defined STDC_HEADERS && defined HAVE_MEMORY_H
| #  include <memory.h>
| # endif
| # include <string.h>
| #endif
| #ifdef HAVE_STRINGS_H
| # include <strings.h>
| #endif
| #ifdef HAVE_INTTYPES_H
| # include <inttypes.h>
| #endif
| #ifdef HAVE_STDINT_H
| # include <stdint.h>
| #endif
| #ifdef HAVE_UNISTD_H
| # include <unistd.h>
| #endif
| #include <elf.h>
configure:13114: result: no
configure:13114: checking elf.h presence
configure:13114: x86_64-w64-mingw32-gcc -std=gnu99 -E -m64 -pipe conftest.c
conftest.c:24:17: fatal error: elf.h: No such file or directory
 #include <elf.h>
                 ^
compilation terminated.
configure:13114: $? = 1
configure: failed program was:
| /* confdefs.h */
| #define PACKAGE_NAME "openocd"
| #define PACKAGE_TARNAME "openocd"
| #define PACKAGE_VERSION "0.10.0-dev"
| #define PACKAGE_STRING "openocd 0.10.0-dev"
| #define PACKAGE_BUGREPORT "OpenOCD Mailing List <openocd-devel@lists.sourceforge.net>"
| #define PACKAGE_URL ""
| #define PACKAGE "openocd"
| #define VERSION "0.10.0-dev"
| #define STDC_HEADERS 1
| #define HAVE_SYS_TYPES_H 1
| #define HAVE_SYS_STAT_H 1
| #define HAVE_STDLIB_H 1
| #define HAVE_STRING_H 1
| #define HAVE_MEMORY_H 1
| #define HAVE_STRINGS_H 1
| #define HAVE_INTTYPES_H 1
| #define HAVE_STDINT_H 1
| #define HAVE_UNISTD_H 1
| #define LT_OBJDIR ".libs/"
| #define HAVE_UNSIGNED_LONG_LONG_INT 1
| #define HAVE_LONG_LONG_INT 1
| /* end confdefs.h.  */
| #include <elf.h>
configure:13114: result: no
configure:13114: checking for elf.h
configure:13114: result: no
configure:13126: checking dirent.h usability
configure:13126: x86_64-w64-mingw32-gcc -std=gnu99 -c -g -O2 -m64 -pipe conftest.c >&5
configure:13126: $? = 0
configure:13126: result: yes
configure:13126: checking dirent.h presence
configure:13126: x86_64-w64-mingw32-gcc -std=gnu99 -E -m64 -pipe conftest.c
configure:13126: $? = 0
configure:13126: result: yes
configure:13126: checking for dirent.h
configure:13126: result: yes
configure:13138: checking fcntl.h usability
configure:13138: x86_64-w64-mingw32-gcc -std=gnu99 -c -g -O2 -m64 -pipe conftest.c >&5
configure:13138: $? = 0
configure:13138: result: yes
configure:13138: checking fcntl.h presence
configure:13138: x86_64-w64-mingw32-gcc -std=gnu99 -E -m64 -pipe conftest.c
configure:13138: $? = 0
configure:13138: result: yes
configure:13138: checking for fcntl.h
configure:13138: result: yes
configure:13150: checking for ifaddrs.h
configure:13150: x86_64-w64-mingw32-gcc -std=gnu99 -c -g -O2 -m64 -pipe conftest.c >&5
conftest.c:40:21: fatal error: ifaddrs.h: No such file or directory
 #include <ifaddrs.h>
                     ^
compilation terminated.
configure:13150: $? = 1
configure: failed program was:
| /* confdefs.h */
| #define PACKAGE_NAME "openocd"
| #define PACKAGE_TARNAME "openocd"
| #define PACKAGE_VERSION "0.10.0-dev"
| #define PACKAGE_STRING "openocd 0.10.0-dev"
| #define PACKAGE_BUGREPORT "OpenOCD Mailing List <openocd-devel@lists.sourceforge.net>"
| #define PACKAGE_URL ""
| #define PACKAGE "openocd"
| #define VERSION "0.10.0-dev"
| #define STDC_HEADERS 1
| #define HAVE_SYS_TYPES_H 1
| #define HAVE_SYS_STAT_H 1
| #define HAVE_STDLIB_H 1
| #define HAVE_STRING_H 1
| #define HAVE_MEMORY_H 1
| #define HAVE_STRINGS_H 1
| #define HAVE_INTTYPES_H 1
| #define HAVE_STDINT_H 1
| #define HAVE_UNISTD_H 1
| #define LT_OBJDIR ".libs/"
| #define HAVE_UNSIGNED_LONG_LONG_INT 1
| #define HAVE_LONG_LONG_INT 1
| #define HAVE_DIRENT_H 1
| #define HAVE_FCNTL_H 1
| /* end confdefs.h.  */
| #include <stdio.h>
| #ifdef STDC_HEADERS
| # include <stdlib.h>
| # include <stddef.h>
| #else
| # ifdef HAVE_STDLIB_H
| #  include <stdlib.h>
| # endif
| #endif
| #ifdef HAVE_SYS_SOCKET_H
| # include <sys/socket.h>
| #endif
| 
| 
| #include <ifaddrs.h>
configure:13150: result: no
configure:13175: checking malloc.h usability
configure:13175: x86_64-w64-mingw32-gcc -std=gnu99 -c -g -O2 -m64 -pipe conftest.c >&5
configure:13175: $? = 0
configure:13175: result: yes
configure:13175: checking malloc.h presence
configure:13175: x86_64-w64-mingw32-gcc -std=gnu99 -E -m64 -pipe conftest.c
configure:13175: $? = 0
configure:13175: result: yes
configure:13175: checking for malloc.h
configure:13175: result: yes
configure:13187: checking netdb.h usability
configure:13187: x86_64-w64-mingw32-gcc -std=gnu99 -c -g -O2 -m64 -pipe conftest.c >&5
conftest.c:60:19: fatal error: netdb.h: No such file or directory
 #include <netdb.h>
                   ^
compilation terminated.
configure:13187: $? = 1
configure: failed program was:
| /* confdefs.h */
| #define PACKAGE_NAME "openocd"
| #define PACKAGE_TARNAME "openocd"
| #define PACKAGE_VERSION "0.10.0-dev"
| #define PACKAGE_STRING "openocd 0.10.0-dev"
| #define PACKAGE_BUGREPORT "OpenOCD Mailing List <openocd-devel@lists.sourceforge.net>"
| #define PACKAGE_URL ""
| #define PACKAGE "openocd"
| #define VERSION "0.10.0-dev"
| #define STDC_HEADERS 1
| #define HAVE_SYS_TYPES_H 1
| #define HAVE_SYS_STAT_H 1
| #define HAVE_STDLIB_H 1
| #define HAVE_STRING_H 1
| #define HAVE_MEMORY_H 1
| #define HAVE_STRINGS_H 1
| #define HAVE_INTTYPES_H 1
| #define HAVE_STDINT_H 1
| #define HAVE_UNISTD_H 1
| #define LT_OBJDIR ".libs/"
| #define HAVE_UNSIGNED_LONG_LONG_INT 1
| #define HAVE_LONG_LONG_INT 1
| #define HAVE_DIRENT_H 1
| #define HAVE_FCNTL_H 1
| #define HAVE_MALLOC_H 1
| /* end confdefs.h.  */
| #include <stdio.h>
| #ifdef HAVE_SYS_TYPES_H
| # include <sys/types.h>
| #endif
| #ifdef HAVE_SYS_STAT_H
| # include <sys/stat.h>
| #endif
| #ifdef STDC_HEADERS
| # include <stdlib.h>
| # include <stddef.h>
| #else
| # ifdef HAVE_STDLIB_H
| #  include <stdlib.h>
| # endif
| #endif
| #ifdef HAVE_STRING_H
| # if !defined STDC_HEADERS && defined HAVE_MEMORY_H
| #  include <memory.h>
| # endif
| # include <string.h>
| #endif
| #ifdef HAVE_STRINGS_H
| # include <strings.h>
| #endif
| #ifdef HAVE_INTTYPES_H
| # include <inttypes.h>
| #endif
| #ifdef HAVE_STDINT_H
| # include <stdint.h>
| #endif
| #ifdef HAVE_UNISTD_H
| # include <unistd.h>
| #endif
| #include <netdb.h>
configure:13187: result: no
configure:13187: checking netdb.h presence
configure:13187: x86_64-w64-mingw32-gcc -std=gnu99 -E -m64 -pipe conftest.c
conftest.c:27:19: fatal error: netdb.h: No such file or directory
 #include <netdb.h>
                   ^
compilation terminated.
configure:13187: $? = 1
configure: failed program was:
| /* confdefs.h */
| #define PACKAGE_NAME "openocd"
| #define PACKAGE_TARNAME "openocd"
| #define PACKAGE_VERSION "0.10.0-dev"
| #define PACKAGE_STRING "openocd 0.10.0-dev"
| #define PACKAGE_BUGREPORT "OpenOCD Mailing List <openocd-devel@lists.sourceforge.net>"
| #define PACKAGE_URL ""
| #define PACKAGE "openocd"
| #define VERSION "0.10.0-dev"
| #define STDC_HEADERS 1
| #define HAVE_SYS_TYPES_H 1
| #define HAVE_SYS_STAT_H 1
| #define HAVE_STDLIB_H 1
| #define HAVE_STRING_H 1
| #define HAVE_MEMORY_H 1
| #define HAVE_STRINGS_H 1
| #define HAVE_INTTYPES_H 1
| #define HAVE_STDINT_H 1
| #define HAVE_UNISTD_H 1
| #define LT_OBJDIR ".libs/"
| #define HAVE_UNSIGNED_LONG_LONG_INT 1
| #define HAVE_LONG_LONG_INT 1
| #define HAVE_DIRENT_H 1
| #define HAVE_FCNTL_H 1
| #define HAVE_MALLOC_H 1
| /* end confdefs.h.  */
| #include <netdb.h>
configure:13187: result: no
configure:13187: checking for netdb.h
configure:13187: result: no
configure:13199: checking for netinet/in.h
configure:13199: x86_64-w64-mingw32-gcc -std=gnu99 -c -g -O2 -m64 -pipe conftest.c >&5
conftest.c:41:24: fatal error: netinet/in.h: No such file or directory
 #include <netinet/in.h>
                        ^
compilation terminated.
configure:13199: $? = 1
configure: failed program was:
| /* confdefs.h */
| #define PACKAGE_NAME "openocd"
| #define PACKAGE_TARNAME "openocd"
| #define PACKAGE_VERSION "0.10.0-dev"
| #define PACKAGE_STRING "openocd 0.10.0-dev"
| #define PACKAGE_BUGREPORT "OpenOCD Mailing List <openocd-devel@lists.sourceforge.net>"
| #define PACKAGE_URL ""
| #define PACKAGE "openocd"
| #define VERSION "0.10.0-dev"
| #define STDC_HEADERS 1
| #define HAVE_SYS_TYPES_H 1
| #define HAVE_SYS_STAT_H 1
| #define HAVE_STDLIB_H 1
| #define HAVE_STRING_H 1
| #define HAVE_MEMORY_H 1
| #define HAVE_STRINGS_H 1
| #define HAVE_INTTYPES_H 1
| #define HAVE_STDINT_H 1
| #define HAVE_UNISTD_H 1
| #define LT_OBJDIR ".libs/"
| #define HAVE_UNSIGNED_LONG_LONG_INT 1
| #define HAVE_LONG_LONG_INT 1
| #define HAVE_DIRENT_H 1
| #define HAVE_FCNTL_H 1
| #define HAVE_MALLOC_H 1
| /* end confdefs.h.  */
| #include <stdio.h>
| #ifdef STDC_HEADERS
| # include <stdlib.h>
| # include <stddef.h>
| #else
| # ifdef HAVE_STDLIB_H
| #  include <stdlib.h>
| # endif
| #endif
| #ifdef HAVE_SYS_SOCKET_H
| # include <sys/socket.h>
| #endif
| 
| 
| #include <netinet/in.h>
configure:13199: result: no
configure:13224: checking for netinet/tcp.h
configure:13224: x86_64-w64-mingw32-gcc -std=gnu99 -c -g -O2 -m64 -pipe conftest.c >&5
conftest.c:41:25: fatal error: netinet/tcp.h: No such file or directory
 #include <netinet/tcp.h>
                         ^
compilation terminated.
configure:13224: $? = 1
configure: failed program was:
| /* confdefs.h */
| #define PACKAGE_NAME "openocd"
| #define PACKAGE_TARNAME "openocd"
| #define PACKAGE_VERSION "0.10.0-dev"
| #define PACKAGE_STRING "openocd 0.10.0-dev"
| #define PACKAGE_BUGREPORT "OpenOCD Mailing List <openocd-devel@lists.sourceforge.net>"
| #define PACKAGE_URL ""
| #define PACKAGE "openocd"
| #define VERSION "0.10.0-dev"
| #define STDC_HEADERS 1
| #define HAVE_SYS_TYPES_H 1
| #define HAVE_SYS_STAT_H 1
| #define HAVE_STDLIB_H 1
| #define HAVE_STRING_H 1
| #define HAVE_MEMORY_H 1
| #define HAVE_STRINGS_H 1
| #define HAVE_INTTYPES_H 1
| #define HAVE_STDINT_H 1
| #define HAVE_UNISTD_H 1
| #define LT_OBJDIR ".libs/"
| #define HAVE_UNSIGNED_LONG_LONG_INT 1
| #define HAVE_LONG_LONG_INT 1
| #define HAVE_DIRENT_H 1
| #define HAVE_FCNTL_H 1
| #define HAVE_MALLOC_H 1
| /* end confdefs.h.  */
| #include <stdio.h>
| #ifdef STDC_HEADERS
| # include <stdlib.h>
| # include <stddef.h>
| #else
| # ifdef HAVE_STDLIB_H
| #  include <stdlib.h>
| # endif
| #endif
| #ifdef HAVE_SYS_SOCKET_H
| # include <sys/socket.h>
| #endif
| 
| 
| #include <netinet/tcp.h>
configure:13224: result: no
configure:13249: checking poll.h usability
configure:13249: x86_64-w64-mingw32-gcc -std=gnu99 -c -g -O2 -m64 -pipe conftest.c >&5
conftest.c:60:18: fatal error: poll.h: No such file or directory
 #include <poll.h>
                  ^
compilation terminated.
configure:13249: $? = 1
configure: failed program was:
| /* confdefs.h */
| #define PACKAGE_NAME "openocd"
| #define PACKAGE_TARNAME "openocd"
| #define PACKAGE_VERSION "0.10.0-dev"
| #define PACKAGE_STRING "openocd 0.10.0-dev"
| #define PACKAGE_BUGREPORT "OpenOCD Mailing List <openocd-devel@lists.sourceforge.net>"
| #define PACKAGE_URL ""
| #define PACKAGE "openocd"
| #define VERSION "0.10.0-dev"
| #define STDC_HEADERS 1
| #define HAVE_SYS_TYPES_H 1
| #define HAVE_SYS_STAT_H 1
| #define HAVE_STDLIB_H 1
| #define HAVE_STRING_H 1
| #define HAVE_MEMORY_H 1
| #define HAVE_STRINGS_H 1
| #define HAVE_INTTYPES_H 1
| #define HAVE_STDINT_H 1
| #define HAVE_UNISTD_H 1
| #define LT_OBJDIR ".libs/"
| #define HAVE_UNSIGNED_LONG_LONG_INT 1
| #define HAVE_LONG_LONG_INT 1
| #define HAVE_DIRENT_H 1
| #define HAVE_FCNTL_H 1
| #define HAVE_MALLOC_H 1
| /* end confdefs.h.  */
| #include <stdio.h>
| #ifdef HAVE_SYS_TYPES_H
| # include <sys/types.h>
| #endif
| #ifdef HAVE_SYS_STAT_H
| # include <sys/stat.h>
| #endif
| #ifdef STDC_HEADERS
| # include <stdlib.h>
| # include <stddef.h>
| #else
| # ifdef HAVE_STDLIB_H
| #  include <stdlib.h>
| # endif
| #endif
| #ifdef HAVE_STRING_H
| # if !defined STDC_HEADERS && defined HAVE_MEMORY_H
| #  include <memory.h>
| # endif
| # include <string.h>
| #endif
| #ifdef HAVE_STRINGS_H
| # include <strings.h>
| #endif
| #ifdef HAVE_INTTYPES_H
| # include <inttypes.h>
| #endif
| #ifdef HAVE_STDINT_H
| # include <stdint.h>
| #endif
| #ifdef HAVE_UNISTD_H
| # include <unistd.h>
| #endif
| #include <poll.h>
configure:13249: result: no
configure:13249: checking poll.h presence
configure:13249: x86_64-w64-mingw32-gcc -std=gnu99 -E -m64 -pipe conftest.c
conftest.c:27:18: fatal error: poll.h: No such file or directory
 #include <poll.h>
                  ^
compilation terminated.
configure:13249: $? = 1
configure: failed program was:
| /* confdefs.h */
| #define PACKAGE_NAME "openocd"
| #define PACKAGE_TARNAME "openocd"
| #define PACKAGE_VERSION "0.10.0-dev"
| #define PACKAGE_STRING "openocd 0.10.0-dev"
| #define PACKAGE_BUGREPORT "OpenOCD Mailing List <openocd-devel@lists.sourceforge.net>"
| #define PACKAGE_URL ""
| #define PACKAGE "openocd"
| #define VERSION "0.10.0-dev"
| #define STDC_HEADERS 1
| #define HAVE_SYS_TYPES_H 1
| #define HAVE_SYS_STAT_H 1
| #define HAVE_STDLIB_H 1
| #define HAVE_STRING_H 1
| #define HAVE_MEMORY_H 1
| #define HAVE_STRINGS_H 1
| #define HAVE_INTTYPES_H 1
| #define HAVE_STDINT_H 1
| #define HAVE_UNISTD_H 1
| #define LT_OBJDIR ".libs/"
| #define HAVE_UNSIGNED_LONG_LONG_INT 1
| #define HAVE_LONG_LONG_INT 1
| #define HAVE_DIRENT_H 1
| #define HAVE_FCNTL_H 1
| #define HAVE_MALLOC_H 1
| /* end confdefs.h.  */
| #include <poll.h>
configure:13249: result: no
configure:13249: checking for poll.h
configure:13249: result: no
configure:13261: checking pthread.h usability
configure:13261: x86_64-w64-mingw32-gcc -std=gnu99 -c -g -O2 -m64 -pipe conftest.c >&5
configure:13261: $? = 0
configure:13261: result: yes
configure:13261: checking pthread.h presence
configure:13261: x86_64-w64-mingw32-gcc -std=gnu99 -E -m64 -pipe conftest.c
configure:13261: $? = 0
configure:13261: result: yes
configure:13261: checking for pthread.h
configure:13261: result: yes
configure:13273: checking for strings.h
configure:13273: result: yes
configure:13285: checking sys/ioctl.h usability
configure:13285: x86_64-w64-mingw32-gcc -std=gnu99 -c -g -O2 -m64 -pipe conftest.c >&5
conftest.c:62:23: fatal error: sys/ioctl.h: No such file or directory
 #include <sys/ioctl.h>
                       ^
compilation terminated.
configure:13285: $? = 1
configure: failed program was:
| /* confdefs.h */
| #define PACKAGE_NAME "openocd"
| #define PACKAGE_TARNAME "openocd"
| #define PACKAGE_VERSION "0.10.0-dev"
| #define PACKAGE_STRING "openocd 0.10.0-dev"
| #define PACKAGE_BUGREPORT "OpenOCD Mailing List <openocd-devel@lists.sourceforge.net>"
| #define PACKAGE_URL ""
| #define PACKAGE "openocd"
| #define VERSION "0.10.0-dev"
| #define STDC_HEADERS 1
| #define HAVE_SYS_TYPES_H 1
| #define HAVE_SYS_STAT_H 1
| #define HAVE_STDLIB_H 1
| #define HAVE_STRING_H 1
| #define HAVE_MEMORY_H 1
| #define HAVE_STRINGS_H 1
| #define HAVE_INTTYPES_H 1
| #define HAVE_STDINT_H 1
| #define HAVE_UNISTD_H 1
| #define LT_OBJDIR ".libs/"
| #define HAVE_UNSIGNED_LONG_LONG_INT 1
| #define HAVE_LONG_LONG_INT 1
| #define HAVE_DIRENT_H 1
| #define HAVE_FCNTL_H 1
| #define HAVE_MALLOC_H 1
| #define HAVE_PTHREAD_H 1
| #define HAVE_STRINGS_H 1
| /* end confdefs.h.  */
| #include <stdio.h>
| #ifdef HAVE_SYS_TYPES_H
| # include <sys/types.h>
| #endif
| #ifdef HAVE_SYS_STAT_H
| # include <sys/stat.h>
| #endif
| #ifdef STDC_HEADERS
| # include <stdlib.h>
| # include <stddef.h>
| #else
| # ifdef HAVE_STDLIB_H
| #  include <stdlib.h>
| # endif
| #endif
| #ifdef HAVE_STRING_H
| # if !defined STDC_HEADERS && defined HAVE_MEMORY_H
| #  include <memory.h>
| # endif
| # include <string.h>
| #endif
| #ifdef HAVE_STRINGS_H
| # include <strings.h>
| #endif
| #ifdef HAVE_INTTYPES_H
| # include <inttypes.h>
| #endif
| #ifdef HAVE_STDINT_H
| # include <stdint.h>
| #endif
| #ifdef HAVE_UNISTD_H
| # include <unistd.h>
| #endif
| #include <sys/ioctl.h>
configure:13285: result: no
configure:13285: checking sys/ioctl.h presence
configure:13285: x86_64-w64-mingw32-gcc -std=gnu99 -E -m64 -pipe conftest.c
conftest.c:29:23: fatal error: sys/ioctl.h: No such file or directory
 #include <sys/ioctl.h>
                       ^
compilation terminated.
configure:13285: $? = 1
configure: failed program was:
| /* confdefs.h */
| #define PACKAGE_NAME "openocd"
| #define PACKAGE_TARNAME "openocd"
| #define PACKAGE_VERSION "0.10.0-dev"
| #define PACKAGE_STRING "openocd 0.10.0-dev"
| #define PACKAGE_BUGREPORT "OpenOCD Mailing List <openocd-devel@lists.sourceforge.net>"
| #define PACKAGE_URL ""
| #define PACKAGE "openocd"
| #define VERSION "0.10.0-dev"
| #define STDC_HEADERS 1
| #define HAVE_SYS_TYPES_H 1
| #define HAVE_SYS_STAT_H 1
| #define HAVE_STDLIB_H 1
| #define HAVE_STRING_H 1
| #define HAVE_MEMORY_H 1
| #define HAVE_STRINGS_H 1
| #define HAVE_INTTYPES_H 1
| #define HAVE_STDINT_H 1
| #define HAVE_UNISTD_H 1
| #define LT_OBJDIR ".libs/"
| #define HAVE_UNSIGNED_LONG_LONG_INT 1
| #define HAVE_LONG_LONG_INT 1
| #define HAVE_DIRENT_H 1
| #define HAVE_FCNTL_H 1
| #define HAVE_MALLOC_H 1
| #define HAVE_PTHREAD_H 1
| #define HAVE_STRINGS_H 1
| /* end confdefs.h.  */
| #include <sys/ioctl.h>
configure:13285: result: no
configure:13285: checking for sys/ioctl.h
configure:13285: result: no
configure:13297: checking sys/param.h usability
configure:13297: x86_64-w64-mingw32-gcc -std=gnu99 -c -g -O2 -m64 -pipe conftest.c >&5
configure:13297: $? = 0
configure:13297: result: yes
configure:13297: checking sys/param.h presence
configure:13297: x86_64-w64-mingw32-gcc -std=gnu99 -E -m64 -pipe conftest.c
configure:13297: $? = 0
configure:13297: result: yes
configure:13297: checking for sys/param.h
configure:13297: result: yes
configure:13309: checking sys/select.h usability
configure:13309: x86_64-w64-mingw32-gcc -std=gnu99 -c -g -O2 -m64 -pipe conftest.c >&5
conftest.c:63:24: fatal error: sys/select.h: No such file or directory
 #include <sys/select.h>
                        ^
compilation terminated.
configure:13309: $? = 1
configure: failed program was:
| /* confdefs.h */
| #define PACKAGE_NAME "openocd"
| #define PACKAGE_TARNAME "openocd"
| #define PACKAGE_VERSION "0.10.0-dev"
| #define PACKAGE_STRING "openocd 0.10.0-dev"
| #define PACKAGE_BUGREPORT "OpenOCD Mailing List <openocd-devel@lists.sourceforge.net>"
| #define PACKAGE_URL ""
| #define PACKAGE "openocd"
| #define VERSION "0.10.0-dev"
| #define STDC_HEADERS 1
| #define HAVE_SYS_TYPES_H 1
| #define HAVE_SYS_STAT_H 1
| #define HAVE_STDLIB_H 1
| #define HAVE_STRING_H 1
| #define HAVE_MEMORY_H 1
| #define HAVE_STRINGS_H 1
| #define HAVE_INTTYPES_H 1
| #define HAVE_STDINT_H 1
| #define HAVE_UNISTD_H 1
| #define LT_OBJDIR ".libs/"
| #define HAVE_UNSIGNED_LONG_LONG_INT 1
| #define HAVE_LONG_LONG_INT 1
| #define HAVE_DIRENT_H 1
| #define HAVE_FCNTL_H 1
| #define HAVE_MALLOC_H 1
| #define HAVE_PTHREAD_H 1
| #define HAVE_STRINGS_H 1
| #define HAVE_SYS_PARAM_H 1
| /* end confdefs.h.  */
| #include <stdio.h>
| #ifdef HAVE_SYS_TYPES_H
| # include <sys/types.h>
| #endif
| #ifdef HAVE_SYS_STAT_H
| # include <sys/stat.h>
| #endif
| #ifdef STDC_HEADERS
| # include <stdlib.h>
| # include <stddef.h>
| #else
| # ifdef HAVE_STDLIB_H
| #  include <stdlib.h>
| # endif
| #endif
| #ifdef HAVE_STRING_H
| # if !defined STDC_HEADERS && defined HAVE_MEMORY_H
| #  include <memory.h>
| # endif
| # include <string.h>
| #endif
| #ifdef HAVE_STRINGS_H
| # include <strings.h>
| #endif
| #ifdef HAVE_INTTYPES_H
| # include <inttypes.h>
| #endif
| #ifdef HAVE_STDINT_H
| # include <stdint.h>
| #endif
| #ifdef HAVE_UNISTD_H
| # include <unistd.h>
| #endif
| #include <sys/select.h>
configure:13309: result: no
configure:13309: checking sys/select.h presence
configure:13309: x86_64-w64-mingw32-gcc -std=gnu99 -E -m64 -pipe conftest.c
conftest.c:30:24: fatal error: sys/select.h: No such file or directory
 #include <sys/select.h>
                        ^
compilation terminated.
configure:13309: $? = 1
configure: failed program was:
| /* confdefs.h */
| #define PACKAGE_NAME "openocd"
| #define PACKAGE_TARNAME "openocd"
| #define PACKAGE_VERSION "0.10.0-dev"
| #define PACKAGE_STRING "openocd 0.10.0-dev"
| #define PACKAGE_BUGREPORT "OpenOCD Mailing List <openocd-devel@lists.sourceforge.net>"
| #define PACKAGE_URL ""
| #define PACKAGE "openocd"
| #define VERSION "0.10.0-dev"
| #define STDC_HEADERS 1
| #define HAVE_SYS_TYPES_H 1
| #define HAVE_SYS_STAT_H 1
| #define HAVE_STDLIB_H 1
| #define HAVE_STRING_H 1
| #define HAVE_MEMORY_H 1
| #define HAVE_STRINGS_H 1
| #define HAVE_INTTYPES_H 1
| #define HAVE_STDINT_H 1
| #define HAVE_UNISTD_H 1
| #define LT_OBJDIR ".libs/"
| #define HAVE_UNSIGNED_LONG_LONG_INT 1
| #define HAVE_LONG_LONG_INT 1
| #define HAVE_DIRENT_H 1
| #define HAVE_FCNTL_H 1
| #define HAVE_MALLOC_H 1
| #define HAVE_PTHREAD_H 1
| #define HAVE_STRINGS_H 1
| #define HAVE_SYS_PARAM_H 1
| /* end confdefs.h.  */
| #include <sys/select.h>
configure:13309: result: no
configure:13309: checking for sys/select.h
configure:13309: result: no
configure:13321: checking for sys/stat.h
configure:13321: result: yes
configure:13333: checking sys/time.h usability
configure:13333: x86_64-w64-mingw32-gcc -std=gnu99 -c -g -O2 -m64 -pipe conftest.c >&5
configure:13333: $? = 0
configure:13333: result: yes
configure:13333: checking sys/time.h presence
configure:13333: x86_64-w64-mingw32-gcc -std=gnu99 -E -m64 -pipe conftest.c
configure:13333: $? = 0
configure:13333: result: yes
configure:13333: checking for sys/time.h
configure:13333: result: yes
configure:13345: checking for sys/types.h
configure:13345: result: yes
configure:13357: checking for unistd.h
configure:13357: result: yes
configure:13369: checking for net/if.h
configure:13369: x86_64-w64-mingw32-gcc -std=gnu99 -c -g -O2 -m64 -pipe conftest.c >&5
conftest.c:48:20: fatal error: net/if.h: No such file or directory
 #include <net/if.h>
                    ^
compilation terminated.
configure:13369: $? = 1
configure: failed program was:
| /* confdefs.h */
| #define PACKAGE_NAME "openocd"
| #define PACKAGE_TARNAME "openocd"
| #define PACKAGE_VERSION "0.10.0-dev"
| #define PACKAGE_STRING "openocd 0.10.0-dev"
| #define PACKAGE_BUGREPORT "OpenOCD Mailing List <openocd-devel@lists.sourceforge.net>"
| #define PACKAGE_URL ""
| #define PACKAGE "openocd"
| #define VERSION "0.10.0-dev"
| #define STDC_HEADERS 1
| #define HAVE_SYS_TYPES_H 1
| #define HAVE_SYS_STAT_H 1
| #define HAVE_STDLIB_H 1
| #define HAVE_STRING_H 1
| #define HAVE_MEMORY_H 1
| #define HAVE_STRINGS_H 1
| #define HAVE_INTTYPES_H 1
| #define HAVE_STDINT_H 1
| #define HAVE_UNISTD_H 1
| #define LT_OBJDIR ".libs/"
| #define HAVE_UNSIGNED_LONG_LONG_INT 1
| #define HAVE_LONG_LONG_INT 1
| #define HAVE_DIRENT_H 1
| #define HAVE_FCNTL_H 1
| #define HAVE_MALLOC_H 1
| #define HAVE_PTHREAD_H 1
| #define HAVE_STRINGS_H 1
| #define HAVE_SYS_PARAM_H 1
| #define HAVE_SYS_STAT_H 1
| #define HAVE_SYS_TIME_H 1
| #define HAVE_SYS_TYPES_H 1
| #define HAVE_UNISTD_H 1
| /* end confdefs.h.  */
| #include <stdio.h>
| #ifdef STDC_HEADERS
| # include <stdlib.h>
| # include <stddef.h>
| #else
| # ifdef HAVE_STDLIB_H
| #  include <stdlib.h>
| # endif
| #endif
| #ifdef HAVE_SYS_SOCKET_H
| # include <sys/socket.h>
| #endif
| 
| 
| #include <net/if.h>
configure:13369: result: no
configure:13394: checking whether to enable assertions
configure:13412: result: yes
configure:13415: checking for stdbool.h that conforms to C99
configure:13482: x86_64-w64-mingw32-gcc -std=gnu99 -c -g -O2 -m64 -pipe conftest.c >&5
configure:13482: $? = 0
configure:13489: result: yes
configure:13491: checking for _Bool
configure:13491: x86_64-w64-mingw32-gcc -std=gnu99 -c -g -O2 -m64 -pipe conftest.c >&5
configure:13491: $? = 0
configure:13491: x86_64-w64-mingw32-gcc -std=gnu99 -c -g -O2 -m64 -pipe conftest.c >&5
conftest.c: In function 'main':
conftest.c:70:20: error: expected expression before ')' token
 if (sizeof ((_Bool)))
                    ^
configure:13491: $? = 1
configure: failed program was:
| /* confdefs.h */
| #define PACKAGE_NAME "openocd"
| #define PACKAGE_TARNAME "openocd"
| #define PACKAGE_VERSION "0.10.0-dev"
| #define PACKAGE_STRING "openocd 0.10.0-dev"
| #define PACKAGE_BUGREPORT "OpenOCD Mailing List <openocd-devel@lists.sourceforge.net>"
| #define PACKAGE_URL ""
| #define PACKAGE "openocd"
| #define VERSION "0.10.0-dev"
| #define STDC_HEADERS 1
| #define HAVE_SYS_TYPES_H 1
| #define HAVE_SYS_STAT_H 1
| #define HAVE_STDLIB_H 1
| #define HAVE_STRING_H 1
| #define HAVE_MEMORY_H 1
| #define HAVE_STRINGS_H 1
| #define HAVE_INTTYPES_H 1
| #define HAVE_STDINT_H 1
| #define HAVE_UNISTD_H 1
| #define LT_OBJDIR ".libs/"
| #define HAVE_UNSIGNED_LONG_LONG_INT 1
| #define HAVE_LONG_LONG_INT 1
| #define HAVE_DIRENT_H 1
| #define HAVE_FCNTL_H 1
| #define HAVE_MALLOC_H 1
| #define HAVE_PTHREAD_H 1
| #define HAVE_STRINGS_H 1
| #define HAVE_SYS_PARAM_H 1
| #define HAVE_SYS_STAT_H 1
| #define HAVE_SYS_TIME_H 1
| #define HAVE_SYS_TYPES_H 1
| #define HAVE_UNISTD_H 1
| /* end confdefs.h.  */
| #include <stdio.h>
| #ifdef HAVE_SYS_TYPES_H
| # include <sys/types.h>
| #endif
| #ifdef HAVE_SYS_STAT_H
| # include <sys/stat.h>
| #endif
| #ifdef STDC_HEADERS
| # include <stdlib.h>
| # include <stddef.h>
| #else
| # ifdef HAVE_STDLIB_H
| #  include <stdlib.h>
| # endif
| #endif
| #ifdef HAVE_STRING_H
| # if !defined STDC_HEADERS && defined HAVE_MEMORY_H
| #  include <memory.h>
| # endif
| # include <string.h>
| #endif
| #ifdef HAVE_STRINGS_H
| # include <strings.h>
| #endif
| #ifdef HAVE_INTTYPES_H
| # include <inttypes.h>
| #endif
| #ifdef HAVE_STDINT_H
| # include <stdint.h>
| #endif
| #ifdef HAVE_UNISTD_H
| # include <unistd.h>
| #endif
| int
| main ()
| {
| if (sizeof ((_Bool)))
| 	    return 0;
|   ;
|   return 0;
| }
configure:13491: result: yes
configure:13508: checking whether time.h and sys/time.h may both be included
configure:13528: x86_64-w64-mingw32-gcc -std=gnu99 -c -g -O2 -m64 -pipe conftest.c >&5
configure:13528: $? = 0
configure:13535: result: yes
configure:13544: checking whether byte ordering is bigendian
configure:13559: x86_64-w64-mingw32-gcc -std=gnu99 -c -g -O2 -m64 -pipe conftest.c >&5
conftest.c:38:9: error: unknown type name 'not'
         not a universal capable compiler
         ^
conftest.c:38:15: error: expected '=', ',', ';', 'asm' or '__attribute__' before 'universal'
         not a universal capable compiler
               ^
conftest.c:38:15: error: unknown type name 'universal'
configure:13559: $? = 1
configure: failed program was:
| /* confdefs.h */
| #define PACKAGE_NAME "openocd"
| #define PACKAGE_TARNAME "openocd"
| #define PACKAGE_VERSION "0.10.0-dev"
| #define PACKAGE_STRING "openocd 0.10.0-dev"
| #define PACKAGE_BUGREPORT "OpenOCD Mailing List <openocd-devel@lists.sourceforge.net>"
| #define PACKAGE_URL ""
| #define PACKAGE "openocd"
| #define VERSION "0.10.0-dev"
| #define STDC_HEADERS 1
| #define HAVE_SYS_TYPES_H 1
| #define HAVE_SYS_STAT_H 1
| #define HAVE_STDLIB_H 1
| #define HAVE_STRING_H 1
| #define HAVE_MEMORY_H 1
| #define HAVE_STRINGS_H 1
| #define HAVE_INTTYPES_H 1
| #define HAVE_STDINT_H 1
| #define HAVE_UNISTD_H 1
| #define LT_OBJDIR ".libs/"
| #define HAVE_UNSIGNED_LONG_LONG_INT 1
| #define HAVE_LONG_LONG_INT 1
| #define HAVE_DIRENT_H 1
| #define HAVE_FCNTL_H 1
| #define HAVE_MALLOC_H 1
| #define HAVE_PTHREAD_H 1
| #define HAVE_STRINGS_H 1
| #define HAVE_SYS_PARAM_H 1
| #define HAVE_SYS_STAT_H 1
| #define HAVE_SYS_TIME_H 1
| #define HAVE_SYS_TYPES_H 1
| #define HAVE_UNISTD_H 1
| #define HAVE__BOOL 1
| #define HAVE_STDBOOL_H 1
| #define TIME_WITH_SYS_TIME 1
| /* end confdefs.h.  */
| #ifndef __APPLE_CC__
| 	       not a universal capable compiler
| 	     #endif
| 	     typedef int dummy;
| 
configure:13604: x86_64-w64-mingw32-gcc -std=gnu99 -c -g -O2 -m64 -pipe conftest.c >&5
configure:13604: $? = 0
configure:13622: x86_64-w64-mingw32-gcc -std=gnu99 -c -g -O2 -m64 -pipe conftest.c >&5
conftest.c: In function 'main':
conftest.c:44:4: error: unknown type name 'not'
    not big endian
    ^
conftest.c:44:12: error: expected '=', ',', ';', 'asm' or '__attribute__' before 'endian'
    not big endian
            ^
configure:13622: $? = 1
configure: failed program was:
| /* confdefs.h */
| #define PACKAGE_NAME "openocd"
| #define PACKAGE_TARNAME "openocd"
| #define PACKAGE_VERSION "0.10.0-dev"
| #define PACKAGE_STRING "openocd 0.10.0-dev"
| #define PACKAGE_BUGREPORT "OpenOCD Mailing List <openocd-devel@lists.sourceforge.net>"
| #define PACKAGE_URL ""
| #define PACKAGE "openocd"
| #define VERSION "0.10.0-dev"
| #define STDC_HEADERS 1
| #define HAVE_SYS_TYPES_H 1
| #define HAVE_SYS_STAT_H 1
| #define HAVE_STDLIB_H 1
| #define HAVE_STRING_H 1
| #define HAVE_MEMORY_H 1
| #define HAVE_STRINGS_H 1
| #define HAVE_INTTYPES_H 1
| #define HAVE_STDINT_H 1
| #define HAVE_UNISTD_H 1
| #define LT_OBJDIR ".libs/"
| #define HAVE_UNSIGNED_LONG_LONG_INT 1
| #define HAVE_LONG_LONG_INT 1
| #define HAVE_DIRENT_H 1
| #define HAVE_FCNTL_H 1
| #define HAVE_MALLOC_H 1
| #define HAVE_PTHREAD_H 1
| #define HAVE_STRINGS_H 1
| #define HAVE_SYS_PARAM_H 1
| #define HAVE_SYS_STAT_H 1
| #define HAVE_SYS_TIME_H 1
| #define HAVE_SYS_TYPES_H 1
| #define HAVE_UNISTD_H 1
| #define HAVE__BOOL 1
| #define HAVE_STDBOOL_H 1
| #define TIME_WITH_SYS_TIME 1
| /* end confdefs.h.  */
| #include <sys/types.h>
| 		#include <sys/param.h>
| 
| int
| main ()
| {
| #if BYTE_ORDER != BIG_ENDIAN
| 		 not big endian
| 		#endif
| 
|   ;
|   return 0;
| }
configure:13750: result: no
configure:13771: checking for strndup
configure:13771: x86_64-w64-mingw32-gcc -std=gnu99 -o conftest.exe -g -O2 -m64 -pipe  conftest.c  >&5
conftest.c:60:6: warning: conflicting types for built-in function 'strndup'
 char strndup ();
      ^
/tmp/ccy6Sn1a.o: In function `main':
/Host/Work/openocd/build/win64/openocd/conftest.c:71: undefined reference to `strndup'
collect2: error: ld returned 1 exit status
configure:13771: $? = 1
configure: failed program was:
| /* confdefs.h */
| #define PACKAGE_NAME "openocd"
| #define PACKAGE_TARNAME "openocd"
| #define PACKAGE_VERSION "0.10.0-dev"
| #define PACKAGE_STRING "openocd 0.10.0-dev"
| #define PACKAGE_BUGREPORT "OpenOCD Mailing List <openocd-devel@lists.sourceforge.net>"
| #define PACKAGE_URL ""
| #define PACKAGE "openocd"
| #define VERSION "0.10.0-dev"
| #define STDC_HEADERS 1
| #define HAVE_SYS_TYPES_H 1
| #define HAVE_SYS_STAT_H 1
| #define HAVE_STDLIB_H 1
| #define HAVE_STRING_H 1
| #define HAVE_MEMORY_H 1
| #define HAVE_STRINGS_H 1
| #define HAVE_INTTYPES_H 1
| #define HAVE_STDINT_H 1
| #define HAVE_UNISTD_H 1
| #define LT_OBJDIR ".libs/"
| #define HAVE_UNSIGNED_LONG_LONG_INT 1
| #define HAVE_LONG_LONG_INT 1
| #define HAVE_DIRENT_H 1
| #define HAVE_FCNTL_H 1
| #define HAVE_MALLOC_H 1
| #define HAVE_PTHREAD_H 1
| #define HAVE_STRINGS_H 1
| #define HAVE_SYS_PARAM_H 1
| #define HAVE_SYS_STAT_H 1
| #define HAVE_SYS_TIME_H 1
| #define HAVE_SYS_TYPES_H 1
| #define HAVE_UNISTD_H 1
| #define HAVE__BOOL 1
| #define HAVE_STDBOOL_H 1
| #define TIME_WITH_SYS_TIME 1
| /* end confdefs.h.  */
| /* Define strndup to an innocuous variant, in case <limits.h> declares strndup.
|    For example, HP-UX 11i <limits.h> declares gettimeofday.  */
| #define strndup innocuous_strndup
| 
| /* System header to define __stub macros and hopefully few prototypes,
|     which can conflict with char strndup (); below.
|     Prefer <limits.h> to <assert.h> if __STDC__ is defined, since
|     <limits.h> exists even on freestanding compilers.  */
| 
| #ifdef __STDC__
| # include <limits.h>
| #else
| # include <assert.h>
| #endif
| 
| #undef strndup
| 
| /* Override any GCC internal prototype to avoid an error.
|    Use char because int might match the return type of a GCC
|    builtin and then its argument prototype would still apply.  */
| #ifdef __cplusplus
| extern "C"
| #endif
| char strndup ();
| /* The GNU C library defines this for functions which it implements
|     to always fail with ENOSYS.  Some functions are actually named
|     something starting with __ and the normal name is an alias.  */
| #if defined __stub_strndup || defined __stub___strndup
| choke me
| #endif
| 
| int
| main ()
| {
| return strndup ();
|   ;
|   return 0;
| }
configure:13771: result: no
configure:13782: checking for strnlen
configure:13782: x86_64-w64-mingw32-gcc -std=gnu99 -o conftest.exe -g -O2 -m64 -pipe  conftest.c  >&5
configure:13782: $? = 0
configure:13782: result: yes
configure:13793: checking for gettimeofday
configure:13793: x86_64-w64-mingw32-gcc -std=gnu99 -o conftest.exe -g -O2 -m64 -pipe  conftest.c  >&5
configure:13793: $? = 0
configure:13793: result: yes
configure:13804: checking for usleep
configure:13804: x86_64-w64-mingw32-gcc -std=gnu99 -o conftest.exe -g -O2 -m64 -pipe  conftest.c  >&5
configure:13804: $? = 0
configure:13804: result: yes
configure:13815: checking for vasprintf
configure:13815: x86_64-w64-mingw32-gcc -std=gnu99 -o conftest.exe -g -O2 -m64 -pipe  conftest.c  >&5
configure:13815: $? = 0
configure:13815: result: yes
configure:13833: checking whether to build a release
configure:13840: result: no
configure:13978: checking whether to build Doxygen as HTML
configure:13980: result: yes
configure:13991: checking whether to build Doxygen as PDF
configure:13993: result: no
configure:14053: checking whether to enable verbose JTAG I/O messages
configure:14055: result: no
configure:14063: checking whether to enable verbose USB I/O messages
configure:14065: result: no
configure:14073: checking whether to enable verbose USB communication messages
configure:14075: result: no
configure:14090: checking whether to enable malloc free space logging
configure:14092: result: no
configure:14451: checking whether to enable ZY1000 minidriver
configure:14462: result: no
configure:14473: checking whether to enable dummy minidriver
configure:14487: result: no
configure:14490: checking whether standard drivers can be built
configure:14499: result: yes
configure:15392: checking for LIBFTDI
configure:15399: $PKG_CONFIG --exists --print-errors "libftdi1"
configure:15402: $? = 0
configure:15416: $PKG_CONFIG --exists --print-errors "libftdi1"
configure:15419: $? = 0
configure:15457: result: yes
configure:15540: checking Build & Link with libftdi...
configure:15576: x86_64-w64-mingw32-gcc -std=gnu99 -c -g -O2 -D__USE_MINGW_ANSI_STDIO -I/Host/Work/openocd/install/win64/include/libftdi1 -I/Host/Work/openocd/install/win64/include/libusb-1.0  -m64 -pipe conftest.c >&5
conftest.c:67:0: warning: "BUILD_OPENJTAG" redefined
 #define BUILD_OPENJTAG 1
 ^
conftest.c:64:0: note: this is the location of the previous definition
 #define BUILD_OPENJTAG 0
 ^
conftest.c:68:0: warning: "BUILD_OPENJTAG_LIBFTDI" redefined
 #define BUILD_OPENJTAG_LIBFTDI 1
 ^
conftest.c:66:0: note: this is the location of the previous definition
 #define BUILD_OPENJTAG_LIBFTDI 0
 ^
configure:15576: $? = 0
configure:15578: result: Success
configure:15588: checking for libftdi highspeed device support
configure:15606: x86_64-w64-mingw32-gcc -std=gnu99 -c -g -O2 -D__USE_MINGW_ANSI_STDIO -I/Host/Work/openocd/install/win64/include/libftdi1 -I/Host/Work/openocd/install/win64/include/libusb-1.0  -m64 -pipe conftest.c >&5
conftest.c:67:0: warning: "BUILD_OPENJTAG" redefined
 #define BUILD_OPENJTAG 1
 ^
conftest.c:64:0: note: this is the location of the previous definition
 #define BUILD_OPENJTAG 0
 ^
conftest.c:68:0: warning: "BUILD_OPENJTAG_LIBFTDI" redefined
 #define BUILD_OPENJTAG_LIBFTDI 1
 ^
conftest.c:66:0: note: this is the location of the previous definition
 #define BUILD_OPENJTAG_LIBFTDI 0
 ^
configure:15606: $? = 0
configure:15619: result: yes
configure:15627: checking for libftdi FT232H device support
configure:15645: x86_64-w64-mingw32-gcc -std=gnu99 -c -g -O2 -D__USE_MINGW_ANSI_STDIO -I/Host/Work/openocd/install/win64/include/libftdi1 -I/Host/Work/openocd/install/win64/include/libusb-1.0  -m64 -pipe conftest.c >&5
conftest.c:67:0: warning: "BUILD_OPENJTAG" redefined
 #define BUILD_OPENJTAG 1
 ^
conftest.c:64:0: note: this is the location of the previous definition
 #define BUILD_OPENJTAG 0
 ^
conftest.c:68:0: warning: "BUILD_OPENJTAG_LIBFTDI" redefined
 #define BUILD_OPENJTAG_LIBFTDI 1
 ^
conftest.c:66:0: note: this is the location of the previous definition
 #define BUILD_OPENJTAG_LIBFTDI 0
 ^
configure:15645: $? = 0
configure:15658: result: yes
configure:15674: checking for LIBUSB1
configure:15681: $PKG_CONFIG --exists --print-errors "libusb-1.0"
configure:15684: $? = 0
configure:15698: $PKG_CONFIG --exists --print-errors "libusb-1.0"
configure:15701: $? = 0
configure:15747: result: yes
configure:15755: $PKG_CONFIG --exists --print-errors "libusb-1.0 >= 1.0.9"
configure:15758: $? = 0
configure:15768: libusb-1.0 header bug workaround: LIBUSB1_CFLAGS changed to "-isystem /Host/Work/openocd/install/win64/include/libusb-1.0"
configure:15775: checking for LIBUSB0
configure:15782: $PKG_CONFIG --exists --print-errors "libusb"
configure:15785: $? = 0
configure:15799: $PKG_CONFIG --exists --print-errors "libusb"
configure:15802: $? = 0
configure:15840: result: yes
configure:15848: checking for HIDAPI
configure:15855: $PKG_CONFIG --exists --print-errors "$hidapi_lib"
configure:15858: $? = 0
configure:15872: $PKG_CONFIG --exists --print-errors "$hidapi_lib"
configure:15875: $? = 0
configure:15917: result: yes
configure:16625: checking for environ in unistd.h and stdlib.h
configure:16643: x86_64-w64-mingw32-gcc -std=gnu99 -c -g -O2 -D__USE_MINGW_ANSI_STDIO -m64 -pipe conftest.c >&5
conftest.c:67:0: warning: "BUILD_OPENJTAG" redefined
 #define BUILD_OPENJTAG 1
 ^
conftest.c:64:0: note: this is the location of the previous definition
 #define BUILD_OPENJTAG 0
 ^
conftest.c:68:0: warning: "BUILD_OPENJTAG_LIBFTDI" redefined
 #define BUILD_OPENJTAG_LIBFTDI 1
 ^
conftest.c:66:0: note: this is the location of the previous definition
 #define BUILD_OPENJTAG_LIBFTDI 0
 ^
configure:16643: $? = 0
configure:16645: result: yes
configure:16830: checking that generated files are newer than configure
configure:16836: result: done
configure:17072: creating ./config.status

## ---------------------- ##
## Running config.status. ##
## ---------------------- ##

This file was extended by openocd config.status 0.10.0-dev, which was
generated by GNU Autoconf 2.69.  Invocation command line was

  CONFIG_FILES    = 
  CONFIG_HEADERS  = 
  CONFIG_LINKS    = 
  CONFIG_COMMANDS = 
  $ ./config.status 

on docker

config.status:1308: creating Makefile
config.status:1308: creating src/Makefile
config.status:1308: creating src/helper/Makefile
config.status:1308: creating src/jtag/Makefile
config.status:1308: creating src/jtag/drivers/Makefile
config.status:1308: creating src/jtag/drivers/usb_blaster/Makefile
config.status:1308: creating src/jtag/hla/Makefile
config.status:1308: creating src/jtag/aice/Makefile
config.status:1308: creating src/transport/Makefile
config.status:1308: creating src/target/openrisc/Makefile
config.status:1308: creating src/xsvf/Makefile
config.status:1308: creating src/svf/Makefile
config.status:1308: creating src/target/Makefile
config.status:1308: creating src/rtos/Makefile
config.status:1308: creating src/server/Makefile
config.status:1308: creating src/flash/Makefile
config.status:1308: creating src/flash/nor/Makefile
config.status:1308: creating src/flash/nand/Makefile
config.status:1308: creating src/pld/Makefile
config.status:1308: creating doc/Makefile
config.status:1308: creating config.h
config.status:1522: executing depfiles commands
config.status:1522: executing libtool commands
configure:19300: === configuring in jimtcl (/Host/Work/openocd/build/win64/openocd/jimtcl)
configure:19363: running /bin/bash /Host/Work/openocd/gnuarmeclipse-openocd.git/jimtcl/configure.gnu --disable-option-checking '--prefix=/Host/Work/openocd/install/win64/openocd'  '--build=x86_64-linux-gnu' '--host=x86_64-w64-mingw32' '--datarootdir=/Host/Work/openocd/install/win64' '--infodir=/Host/Work/openocd/install/win64/openocd/info' '--localedir=/Host/Work/openocd/install/win64/openocd/locale' '--mandir=/Host/Work/openocd/install/win64/openocd/man' '--docdir=/Host/Work/openocd/install/win64/openocd/doc' '--enable-aice' '--enable-amtjtagaccel' '--enable-armjtagew' '--enable-cmsis-dap' '--enable-dummy' '--enable-ftdi' '--enable-gw16012' '--enable-jlink' '--enable-jtag_vpi' '--enable-opendous' '--enable-openjtag_ftdi' '--enable-osbdm' '--enable-legacy-ft2232_libftdi' '--enable-parport' '--disable-parport-ppdev' '--enable-parport-giveio' '--enable-presto_libftdi' '--enable-remote-bitbang' '--enable-rlink' '--enable-stlink' '--enable-ti-icdi' '--enable-ulink' '--enable-usb-blaster-2' '--enable-usb_blaster_libftdi' '--enable-usbprog' '--enable-vsllink' 'build_alias=x86_64-linux-gnu' 'host_alias=x86_64-w64-mingw32' 'CPPFLAGS=-m64 -pipe' 'PKG_CONFIG=/Host/Work/openocd/gnuarmeclipse-openocd.git/gnuarmeclipse/scripts/cross-pkg-config' 'PKG_CONFIG_LIBDIR=/Host/Work/openocd/install/win64/lib/pkgconfig' --cache-file=/dev/null --srcdir=/Host/Work/openocd/gnuarmeclipse-openocd.git/jimtcl
configure:19300: === configuring in src/jtag/drivers/libjaylink (/Host/Work/openocd/build/win64/openocd/src/jtag/drivers/libjaylink)
configure:19363: running /bin/bash /Host/Work/openocd/gnuarmeclipse-openocd.git/src/jtag/drivers/libjaylink/configure.gnu --disable-option-checking '--prefix=/Host/Work/openocd/install/win64/openocd'  '--build=x86_64-linux-gnu' '--host=x86_64-w64-mingw32' '--datarootdir=/Host/Work/openocd/install/win64' '--infodir=/Host/Work/openocd/install/win64/openocd/info' '--localedir=/Host/Work/openocd/install/win64/openocd/locale' '--mandir=/Host/Work/openocd/install/win64/openocd/man' '--docdir=/Host/Work/openocd/install/win64/openocd/doc' '--enable-aice' '--enable-amtjtagaccel' '--enable-armjtagew' '--enable-cmsis-dap' '--enable-dummy' '--enable-ftdi' '--enable-gw16012' '--enable-jlink' '--enable-jtag_vpi' '--enable-opendous' '--enable-openjtag_ftdi' '--enable-osbdm' '--enable-legacy-ft2232_libftdi' '--enable-parport' '--disable-parport-ppdev' '--enable-parport-giveio' '--enable-presto_libftdi' '--enable-remote-bitbang' '--enable-rlink' '--enable-stlink' '--enable-ti-icdi' '--enable-ulink' '--enable-usb-blaster-2' '--enable-usb_blaster_libftdi' '--enable-usbprog' '--enable-vsllink' 'build_alias=x86_64-linux-gnu' 'host_alias=x86_64-w64-mingw32' 'CPPFLAGS=-m64 -pipe' 'PKG_CONFIG=/Host/Work/openocd/gnuarmeclipse-openocd.git/gnuarmeclipse/scripts/cross-pkg-config' 'PKG_CONFIG_LIBDIR=/Host/Work/openocd/install/win64/lib/pkgconfig' --cache-file=/dev/null --srcdir=/Host/Work/openocd/gnuarmeclipse-openocd.git/src/jtag/drivers/libjaylink
configure:19562: WARNING: Building the deprecated 'ft2232' adapter driver.

## ---------------- ##
## Cache variables. ##
## ---------------- ##

ac_cv_build=x86_64-pc-linux-gnu
ac_cv_c_bigendian=no
ac_cv_c_compiler_gnu=yes
ac_cv_c_const=yes
ac_cv_env_CC_set=
ac_cv_env_CC_value=
ac_cv_env_CFLAGS_set=
ac_cv_env_CFLAGS_value=
ac_cv_env_CPPFLAGS_set=set
ac_cv_env_CPPFLAGS_value='-m64 -pipe'
ac_cv_env_CPP_set=
ac_cv_env_CPP_value=
ac_cv_env_HIDAPI_CFLAGS_set=
ac_cv_env_HIDAPI_CFLAGS_value=
ac_cv_env_HIDAPI_LIBS_set=
ac_cv_env_HIDAPI_LIBS_value=
ac_cv_env_LDFLAGS_set=
ac_cv_env_LDFLAGS_value=
ac_cv_env_LIBFTDI_CFLAGS_set=
ac_cv_env_LIBFTDI_CFLAGS_value=
ac_cv_env_LIBFTDI_LIBS_set=
ac_cv_env_LIBFTDI_LIBS_value=
ac_cv_env_LIBS_set=
ac_cv_env_LIBS_value=
ac_cv_env_LIBUSB0_CFLAGS_set=
ac_cv_env_LIBUSB0_CFLAGS_value=
ac_cv_env_LIBUSB0_LIBS_set=
ac_cv_env_LIBUSB0_LIBS_value=
ac_cv_env_LIBUSB1_CFLAGS_set=
ac_cv_env_LIBUSB1_CFLAGS_value=
ac_cv_env_LIBUSB1_LIBS_set=
ac_cv_env_LIBUSB1_LIBS_value=
ac_cv_env_LT_SYS_LIBRARY_PATH_set=
ac_cv_env_LT_SYS_LIBRARY_PATH_value=
ac_cv_env_PKG_CONFIG_LIBDIR_set=set
ac_cv_env_PKG_CONFIG_LIBDIR_value=/Host/Work/openocd/install/win64/lib/pkgconfig
ac_cv_env_PKG_CONFIG_PATH_set=
ac_cv_env_PKG_CONFIG_PATH_value=
ac_cv_env_PKG_CONFIG_set=set
ac_cv_env_PKG_CONFIG_value=/Host/Work/openocd/gnuarmeclipse-openocd.git/gnuarmeclipse/scripts/cross-pkg-config
ac_cv_env_build_alias_set=set
ac_cv_env_build_alias_value=x86_64-linux-gnu
ac_cv_env_host_alias_set=set
ac_cv_env_host_alias_value=x86_64-w64-mingw32
ac_cv_env_libjaylink_CFLAGS_set=
ac_cv_env_libjaylink_CFLAGS_value=
ac_cv_env_libjaylink_LIBS_set=
ac_cv_env_libjaylink_LIBS_value=
ac_cv_env_target_alias_set=
ac_cv_env_target_alias_value=
ac_cv_exeext=.exe
ac_cv_func_gettimeofday=yes
ac_cv_func_strndup=no
ac_cv_func_strnlen=yes
ac_cv_func_usleep=yes
ac_cv_func_vasprintf=yes
ac_cv_header_arpa_inet_h=no
ac_cv_header_dirent_h=yes
ac_cv_header_dlfcn_h=no
ac_cv_header_elf_h=no
ac_cv_header_fcntl_h=yes
ac_cv_header_ifaddrs_h=no
ac_cv_header_inttypes_h=yes
ac_cv_header_malloc_h=yes
ac_cv_header_memory_h=yes
ac_cv_header_net_if_h=no
ac_cv_header_netdb_h=no
ac_cv_header_netinet_in_h=no
ac_cv_header_netinet_tcp_h=no
ac_cv_header_poll_h=no
ac_cv_header_pthread_h=yes
ac_cv_header_stdbool_h=yes
ac_cv_header_stdc=yes
ac_cv_header_stdint_h=yes
ac_cv_header_stdlib_h=yes
ac_cv_header_string_h=yes
ac_cv_header_strings_h=yes
ac_cv_header_sys_ioctl_h=no
ac_cv_header_sys_param_h=yes
ac_cv_header_sys_select_h=no
ac_cv_header_sys_socket_h=no
ac_cv_header_sys_stat_h=yes
ac_cv_header_sys_time_h=yes
ac_cv_header_sys_types_h=yes
ac_cv_header_time=yes
ac_cv_header_unistd_h=yes
ac_cv_host=x86_64-w64-mingw32
ac_cv_objext=o
ac_cv_path_EGREP='/bin/grep -E'
ac_cv_path_FGREP='/bin/grep -F'
ac_cv_path_GREP=/bin/grep
ac_cv_path_SED=/bin/sed
ac_cv_path_install='/usr/bin/install -c'
ac_cv_path_lt_DD=/bin/dd
ac_cv_path_mkdir=/bin/mkdir
ac_cv_prog_AR=x86_64-w64-mingw32-ar
ac_cv_prog_AWK=mawk
ac_cv_prog_CC=x86_64-w64-mingw32-gcc
ac_cv_prog_CPP='x86_64-w64-mingw32-gcc -std=gnu99 -E'
ac_cv_prog_DLLTOOL=x86_64-w64-mingw32-dlltool
ac_cv_prog_MAKEINFO=makeinfo
ac_cv_prog_OBJDUMP=x86_64-w64-mingw32-objdump
ac_cv_prog_RANLIB=x86_64-w64-mingw32-ranlib
ac_cv_prog_STRIP=x86_64-w64-mingw32-strip
ac_cv_prog_cc_c89=
ac_cv_prog_cc_c99=-std=gnu99
ac_cv_prog_cc_g=yes
ac_cv_prog_make_make_set=yes
ac_cv_search_dlopen=no
ac_cv_search_ioperm=no
ac_cv_type__Bool=yes
ac_cv_type_long_long_int=yes
ac_cv_type_unsigned_long_long_int=yes
am_cv_CC_dependencies_compiler_type=gcc3
am_cv_make_support_nested_variables=yes
am_cv_prog_cc_c_o=yes
lt_cv_ar_at_file=@
lt_cv_deplibs_check_method='file_magic ^x86 archive import|^x86 DLL'
lt_cv_file_magic_cmd=func_win32_libid
lt_cv_file_magic_test_file=
lt_cv_ld_reload_flag=-r
lt_cv_nm_interface='BSD nm'
lt_cv_objdir=.libs
lt_cv_path_LD=/usr/bin/x86_64-w64-mingw32-ld
lt_cv_path_NM='/usr/bin/x86_64-w64-mingw32-nm -B'
lt_cv_path_mainfest_tool=no
lt_cv_prog_compiler_c_o=yes
lt_cv_prog_compiler_pic='-DDLL_EXPORT -DPIC'
lt_cv_prog_compiler_pic_works=yes
lt_cv_prog_compiler_rtti_exceptions=no
lt_cv_prog_compiler_static_works=yes
lt_cv_prog_gnu_ld=yes
lt_cv_sharedlib_from_linklib_cmd=func_cygming_dll_for_implib
lt_cv_sys_global_symbol_pipe='sed -n -e '\''s/^.*[	 ]\([ABCDGIRSTW][ABCDGIRSTW]*\)[	 ][	 ]*\([_A-Za-z][_A-Za-z0-9]*\)$/\1 \2 \2/p'\'' | sed '\''/ __gnu_lto/d'\'''
lt_cv_sys_global_symbol_to_c_name_address='sed -n -e '\''s/^: \(.*\) .*$/  {"\1", (void *) 0},/p'\'' -e '\''s/^[ABCDGIRSTW][ABCDGIRSTW]* .* \(.*\)$/  {"\1", (void *) \&\1},/p'\'''
lt_cv_sys_global_symbol_to_c_name_address_lib_prefix='sed -n -e '\''s/^: \(.*\) .*$/  {"\1", (void *) 0},/p'\'' -e '\''s/^[ABCDGIRSTW][ABCDGIRSTW]* .* \(lib.*\)$/  {"\1", (void *) \&\1},/p'\'' -e '\''s/^[ABCDGIRSTW][ABCDGIRSTW]* .* \(.*\)$/  {"lib\1", (void *) \&\1},/p'\'''
lt_cv_sys_global_symbol_to_cdecl='sed -n -e '\''s/^T .* \(.*\)$/extern int \1();/p'\'' -e '\''s/^[ABCDGIRSTW][ABCDGIRSTW]* .* \(.*\)$/extern char \1;/p'\'''
lt_cv_sys_global_symbol_to_import=
lt_cv_sys_max_cmd_len=1572864
lt_cv_to_host_file_cmd=func_convert_file_nix_to_w32
lt_cv_to_tool_file_cmd=func_convert_file_noop
lt_cv_truncate_bin='/bin/dd bs=4096 count=1'
pkg_cv_HIDAPI_CFLAGS='-I/Host/Work/openocd/install/win64/include/hidapi '
pkg_cv_HIDAPI_LIBS='-L/Host/Work/openocd/install/win64/lib -lhid -lsetupapi '
pkg_cv_LIBFTDI_CFLAGS='-I/Host/Work/openocd/install/win64/include/libftdi1 -I/Host/Work/openocd/install/win64/include/libusb-1.0 '
pkg_cv_LIBFTDI_LIBS='-L/Host/Work/openocd/install/win64/bin -L/Host/Work/openocd/install/win64/lib -lftdi1 -lusb-1.0 '
pkg_cv_LIBUSB0_CFLAGS='-I/Host/Work/openocd/install/win64/include/libusb '
pkg_cv_LIBUSB0_LIBS='-L/Host/Work/openocd/install/win64/lib -lusb '
pkg_cv_LIBUSB1_CFLAGS='-I/Host/Work/openocd/install/win64/include/libusb-1.0 '
pkg_cv_LIBUSB1_LIBS='-L/Host/Work/openocd/install/win64/lib -lusb-1.0 '

## ----------------- ##
## Output variables. ##
## ----------------- ##

ACLOCAL='${SHELL} /Host/Work/openocd/gnuarmeclipse-openocd.git/missing aclocal-1.15'
AICE_FALSE='#'
AICE_TRUE=''
AMDEPBACKSLASH='\'
AMDEP_FALSE='#'
AMDEP_TRUE=''
AMTAR='$${TAR-tar}'
AMTJTAGACCEL_FALSE='#'
AMTJTAGACCEL_TRUE=''
AM_BACKSLASH='\'
AM_DEFAULT_V='$(AM_DEFAULT_VERBOSITY)'
AM_DEFAULT_VERBOSITY='1'
AM_V='$(V)'
AR='x86_64-w64-mingw32-ar'
ARMJTAGEW_FALSE='#'
ARMJTAGEW_TRUE=''
AT91RM9200_FALSE=''
AT91RM9200_TRUE='#'
AUTOCONF='${SHELL} /Host/Work/openocd/gnuarmeclipse-openocd.git/missing autoconf'
AUTOHEADER='${SHELL} /Host/Work/openocd/gnuarmeclipse-openocd.git/missing autoheader'
AUTOMAKE='${SHELL} /Host/Work/openocd/gnuarmeclipse-openocd.git/missing automake-1.15'
AWK='mawk'
BCM2835GPIO_FALSE=''
BCM2835GPIO_TRUE='#'
BITBANG_FALSE='#'
BITBANG_TRUE=''
BITQ_FALSE='#'
BITQ_TRUE=''
BUSPIRATE_FALSE=''
BUSPIRATE_TRUE='#'
CC='x86_64-w64-mingw32-gcc -std=gnu99'
CCDEPMODE='depmode=gcc3'
CFLAGS='-g -O2 -D__USE_MINGW_ANSI_STDIO -Wall -Wstrict-prototypes -Wformat-security -Wshadow -Wextra -Wno-unused-parameter -Wbad-function-cast -Wcast-align -Wredundant-decls -Werror'
CMSIS_DAP_FALSE='#'
CMSIS_DAP_TRUE=''
CPP='x86_64-w64-mingw32-gcc -std=gnu99 -E'
CPPFLAGS='-m64 -pipe'
CYGPATH_W='echo'
DEFS='-DHAVE_CONFIG_H'
DEPDIR='.deps'
DLLTOOL='x86_64-w64-mingw32-dlltool'
DSYMUTIL=''
DUMMY_FALSE='#'
DUMMY_TRUE=''
DUMPBIN=''
ECHO_C=''
ECHO_N='-n'
ECHO_T=''
EGREP='/bin/grep -E'
EP93XX_FALSE=''
EP93XX_TRUE='#'
EXEEXT='.exe'
FGREP='/bin/grep -F'
FT2232_DRIVER_FALSE='#'
FT2232_DRIVER_TRUE=''
FT2232_LIBFTDI_FALSE='#'
FT2232_LIBFTDI_TRUE=''
FTDI_FALSE='#'
FTDI_TRUE=''
GIVEIO_FALSE='#'
GIVEIO_TRUE=''
GREP='/bin/grep'
GW16012_FALSE='#'
GW16012_TRUE=''
HIDAPI_CFLAGS='-I/Host/Work/openocd/install/win64/include/hidapi '
HIDAPI_LIBS='-L/Host/Work/openocd/install/win64/lib -lhid -lsetupapi '
HLADAPTER_FALSE='#'
HLADAPTER_ICDI_FALSE='#'
HLADAPTER_ICDI_TRUE=''
HLADAPTER_STLINK_FALSE='#'
HLADAPTER_STLINK_TRUE=''
HLADAPTER_TRUE=''
INSTALL_DATA='${INSTALL} -m 644'
INSTALL_PROGRAM='${INSTALL}'
INSTALL_SCRIPT='${INSTALL}'
INSTALL_STRIP_PROGRAM='$(install_sh) -c -s'
INTERNAL_JIMTCL_FALSE='#'
INTERNAL_JIMTCL_TRUE=''
INTERNAL_LIBJAYLINK_FALSE='#'
INTERNAL_LIBJAYLINK_TRUE=''
IOUTIL_FALSE=''
IOUTIL_TRUE='#'
IS_CYGWIN_FALSE=''
IS_CYGWIN_TRUE='#'
IS_DARWIN_FALSE=''
IS_DARWIN_TRUE='#'
IS_MINGW_FALSE='#'
IS_MINGW_TRUE=''
IS_WIN32_FALSE='#'
IS_WIN32_TRUE=''
JLINK_FALSE='#'
JLINK_TRUE=''
JTAG_VPI_FALSE='#'
JTAG_VPI_TRUE=''
LD='/usr/bin/x86_64-w64-mingw32-ld'
LDFLAGS=''
LIBFTDI_CFLAGS='-I/Host/Work/openocd/install/win64/include/libftdi1 -I/Host/Work/openocd/install/win64/include/libusb-1.0 '
LIBFTDI_LIBS='-L/Host/Work/openocd/install/win64/bin -L/Host/Work/openocd/install/win64/lib -lftdi1 -lusb-1.0 '
LIBOBJS=''
LIBS=''
LIBTOOL='$(SHELL) $(top_builddir)/libtool'
LIBTOOL_DEPS='/Host/Work/openocd/gnuarmeclipse-openocd.git/ltmain.sh'
LIBUSB0_CFLAGS='-I/Host/Work/openocd/install/win64/include/libusb '
LIBUSB0_LIBS='-L/Host/Work/openocd/install/win64/lib -lusb '
LIBUSB1_CFLAGS='-isystem /Host/Work/openocd/install/win64/include/libusb-1.0'
LIBUSB1_LIBS='-L/Host/Work/openocd/install/win64/lib -lusb-1.0 '
LIPO=''
LN_S='ln -s'
LTLIBOBJS=''
LT_SYS_LIBRARY_PATH=''
MAKEINFO='makeinfo'
MANIFEST_TOOL=':'
MINIDRIVER_DUMMY_FALSE=''
MINIDRIVER_DUMMY_TRUE='#'
MINIDRIVER_FALSE=''
MINIDRIVER_TRUE='#'
MKDIR_P='/bin/mkdir -p'
NM='/usr/bin/x86_64-w64-mingw32-nm -B'
NMEDIT=''
OBJDUMP='x86_64-w64-mingw32-objdump'
OBJEXT='o'
OOCD_TRACE_FALSE=''
OOCD_TRACE_TRUE='#'
OPENDOUS_FALSE='#'
OPENDOUS_TRUE=''
OPENJTAG_FALSE='#'
OPENJTAG_TRUE=''
OSBDM_FALSE='#'
OSBDM_TRUE=''
OTOOL64=''
OTOOL=''
PACKAGE='openocd'
PACKAGE_BUGREPORT='OpenOCD Mailing List <openocd-devel@lists.sourceforge.net>'
PACKAGE_NAME='openocd'
PACKAGE_STRING='openocd 0.10.0-dev'
PACKAGE_TARNAME='openocd'
PACKAGE_URL=''
PACKAGE_VERSION='0.10.0-dev'
PARPORT_FALSE='#'
PARPORT_TRUE=''
PATH_SEPARATOR=':'
PKG_CONFIG='/Host/Work/openocd/gnuarmeclipse-openocd.git/gnuarmeclipse/scripts/cross-pkg-config'
PKG_CONFIG_LIBDIR='/Host/Work/openocd/install/win64/lib/pkgconfig'
PKG_CONFIG_PATH=''
PRESTO_DRIVER_FALSE='#'
PRESTO_DRIVER_TRUE=''
PRESTO_LIBFTDI_FALSE='#'
PRESTO_LIBFTDI_TRUE=''
RANLIB='x86_64-w64-mingw32-ranlib'
RELEASE_FALSE=''
RELEASE_TRUE='#'
REMOTE_BITBANG_FALSE='#'
REMOTE_BITBANG_TRUE=''
RLINK_FALSE='#'
RLINK_TRUE=''
SED='/bin/sed'
SET_MAKE=''
SHELL='/bin/bash'
STRIP='x86_64-w64-mingw32-strip'
SYSFSGPIO_FALSE=''
SYSFSGPIO_TRUE='#'
ULINK_FALSE='#'
ULINK_TRUE=''
USBPROG_FALSE='#'
USBPROG_TRUE=''
USB_BLASTER_2_FALSE='#'
USB_BLASTER_2_TRUE=''
USB_BLASTER_DRIVER_FALSE='#'
USB_BLASTER_DRIVER_TRUE=''
USB_BLASTER_FTD2XX_FALSE=''
USB_BLASTER_FTD2XX_TRUE='#'
USB_BLASTER_LIBFTDI_FALSE='#'
USB_BLASTER_LIBFTDI_TRUE=''
USE_LIBUSB0_FALSE='#'
USE_LIBUSB0_TRUE=''
USE_LIBUSB1_FALSE='#'
USE_LIBUSB1_TRUE=''
VERSION='0.10.0-dev'
VSLLINK_FALSE='#'
VSLLINK_TRUE=''
ZY1000_FALSE=''
ZY1000_MASTER_FALSE=''
ZY1000_MASTER_TRUE='#'
ZY1000_TRUE='#'
ac_ct_AR=''
ac_ct_CC=''
ac_ct_DUMPBIN=''
am__EXEEXT_FALSE='#'
am__EXEEXT_TRUE=''
am__fastdepCC_FALSE='#'
am__fastdepCC_TRUE=''
am__include='include'
am__isrc=' -I$(srcdir)'
am__leading_dot='.'
am__nodep='_no'
am__quote=''
am__tar='$${TAR-tar} chof - "$$tardir"'
am__untar='$${TAR-tar} xf -'
bindir='${exec_prefix}/bin'
build='x86_64-pc-linux-gnu'
build_alias='x86_64-linux-gnu'
build_cpu='x86_64'
build_os='linux-gnu'
build_vendor='pc'
datadir='${datarootdir}'
datarootdir='/Host/Work/openocd/install/win64'
docdir='/Host/Work/openocd/install/win64/openocd/doc'
doxygen_as_html='yes'
doxygen_as_pdf='no'
dvidir='${docdir}'
exec_prefix='${prefix}'
host='x86_64-w64-mingw32'
host_alias='x86_64-w64-mingw32'
host_cpu='x86_64'
host_os='mingw32'
host_vendor='w64'
htmldir='${docdir}'
includedir='${prefix}/include'
infodir='/Host/Work/openocd/install/win64/openocd/info'
install_sh='${SHELL} /Host/Work/openocd/gnuarmeclipse-openocd.git/install-sh'
libdir='${exec_prefix}/lib'
libexecdir='${exec_prefix}/libexec'
libjaylink_CFLAGS=''
libjaylink_LIBS=''
localedir='/Host/Work/openocd/install/win64/openocd/locale'
localstatedir='${prefix}/var'
mandir='/Host/Work/openocd/install/win64/openocd/man'
mkdir_p='$(MKDIR_P)'
oldincludedir='/usr/include'
pdfdir='${docdir}'
prefix='/Host/Work/openocd/install/win64/openocd'
program_transform_name='s,x,x,'
psdir='${docdir}'
sbindir='${exec_prefix}/sbin'
sharedstatedir='${prefix}/com'
subdirs=' jimtcl src/jtag/drivers/libjaylink'
sysconfdir='${prefix}/etc'
target_alias=''

## ----------- ##
## confdefs.h. ##
## ----------- ##

/* confdefs.h */
#define PACKAGE_NAME "openocd"
#define PACKAGE_TARNAME "openocd"
#define PACKAGE_VERSION "0.10.0-dev"
#define PACKAGE_STRING "openocd 0.10.0-dev"
#define PACKAGE_BUGREPORT "OpenOCD Mailing List <openocd-devel@lists.sourceforge.net>"
#define PACKAGE_URL ""
#define PACKAGE "openocd"
#define VERSION "0.10.0-dev"
#define STDC_HEADERS 1
#define HAVE_SYS_TYPES_H 1
#define HAVE_SYS_STAT_H 1
#define HAVE_STDLIB_H 1
#define HAVE_STRING_H 1
#define HAVE_MEMORY_H 1
#define HAVE_STRINGS_H 1
#define HAVE_INTTYPES_H 1
#define HAVE_STDINT_H 1
#define HAVE_UNISTD_H 1
#define LT_OBJDIR ".libs/"
#define HAVE_UNSIGNED_LONG_LONG_INT 1
#define HAVE_LONG_LONG_INT 1
#define HAVE_DIRENT_H 1
#define HAVE_FCNTL_H 1
#define HAVE_MALLOC_H 1
#define HAVE_PTHREAD_H 1
#define HAVE_STRINGS_H 1
#define HAVE_SYS_PARAM_H 1
#define HAVE_SYS_STAT_H 1
#define HAVE_SYS_TIME_H 1
#define HAVE_SYS_TYPES_H 1
#define HAVE_UNISTD_H 1
#define HAVE__BOOL 1
#define HAVE_STDBOOL_H 1
#define TIME_WITH_SYS_TIME 1
#define HAVE_STRNLEN 1
#define HAVE_GETTIMEOFDAY 1
#define HAVE_USLEEP 1
#define HAVE_VASPRINTF 1
#define IS_MINGW 1
#define IS_WIN32 1
#define IS_DARWIN 0
#define WIN32_LEAN_AND_MEAN 1
#define BUILD_PARPORT 1
#define BUILD_DUMMY 1
#define BUILD_EP93XX 0
#define BUILD_ZY1000 0
#define BUILD_ZY1000_MASTER 0
#define BUILD_AT91RM9200 0
#define BUILD_BCM2835GPIO 0
#define PARPORT_USE_PPDEV 0
#define PARPORT_USE_GIVEIO 1
#define BUILD_BITBANG 1
#define BUILD_FT2232_LIBFTDI 1
#define BUILD_FT2232_FTD2XX 0
#define BUILD_USB_BLASTER_LIBFTDI 1
#define BUILD_JTAG_VPI 1
#define BUILD_USB_BLASTER_FTD2XX 0
#define BUILD_AMTJTAGACCEL 1
#define BUILD_GW16012 1
#define BUILD_PRESTO_LIBFTDI 1
#define BUILD_PRESTO_FTD2XX 0
#define BUILD_BITQ 1
#define BUILD_OPENJTAG 0
#define BUILD_OPENJTAG_FTD2XX 0
#define BUILD_OPENJTAG_LIBFTDI 0
#define BUILD_OPENJTAG 1
#define BUILD_OPENJTAG_LIBFTDI 1
#define BUILD_OOCD_TRACE 0
#define BUILD_BUSPIRATE 0
#define BUILD_REMOTE_BITBANG 1
#define BUILD_SYSFSGPIO 0
#define BUILD_FT2232_HIGHSPEED 1
#define HAS_ENUM_FT232H 1
#define HAVE_LIBUSB1 1
#define HAVE_LIBUSB_ERROR_NAME 1
#define BUILD_FTDI 1
#define BUILD_JLINK 1
#define BUILD_HLADAPTER_STLINK 1
#define BUILD_HLADAPTER_ICDI 1
#define BUILD_ULINK 1
#define BUILD_USB_BLASTER_2 1
#define BUILD_VSLLINK 1
#define BUILD_OSBDM 1
#define BUILD_OPENDOUS 1
#define BUILD_AICE 1
#define BUILD_USBPROG 1
#define BUILD_RLINK 1
#define BUILD_ARMJTAGEW 1
#define BUILD_CMSIS_DAP 1
#define BUILD_HLADAPTER 1
#define _GNU_SOURCE 1

configure: exit 0
