
------------------------------------
  Logging start.  ## CURRENT TIME  : [12/7, 2015   1:41  23.680]  ## COMMAND LINE  : 
cmd /C "gen_csini.exe"
------------------------------------
[STD-IN] : C:\home\TOPPERS\ASP\asp_1.9.2_utf8\target\nucleo_f401re_gcc\truestudio\.metadata\.plugins\sst.csgp\bin\env_vars.txt
GUI is waiting for subprocess to be done...
Execution done. EXIT CODE = 0
  Logging finished.  ## CURRENT TIME  : [12/7, 2015   1:41  26.571]
------------------------------------

------------------------------------
  Logging start.  ## CURRENT TIME  : [12/7, 2015   1:52  30.165]  ## COMMAND LINE  : 
cmd /C "gen_csini.exe"
------------------------------------
[STD-IN] : C:\home\TOPPERS\ASP\asp_1.9.2_utf8\target\nucleo_f401re_gcc\truestudio\.metadata\.plugins\sst.csgp\bin\env_vars.txt
GUI is waiting for subprocess to be done...
Execution done. EXIT CODE = 0
  Logging finished.  ## CURRENT TIME  : [12/7, 2015   1:52  33.58]
------------------------------------

------------------------------------
  Logging start.  ## CURRENT TIME  : [12/7, 2015   11:5  54.853]  ## COMMAND LINE  : 
cmd /C "gen_csini.exe"
------------------------------------
[STD-IN] : C:\home\TOPPERS\ASP\asp_1.9.2_utf8\target\nucleo_f401re_gcc\truestudio\.metadata\.plugins\sst.csgp\bin\env_vars.txt
GUI is waiting for subprocess to be done...
Execution done. EXIT CODE = 0
  Logging finished.  ## CURRENT TIME  : [12/7, 2015   11:5  57.799]
------------------------------------

------------------------------------
  Logging start.  ## CURRENT TIME  : [12/7, 2015   11:29  50.870]  ## COMMAND LINE  : 
cmd /C "gen_csini.exe"
------------------------------------
[STD-IN] : C:\home\TOPPERS\ASP\asp_1.9.2_utf8\target\nucleo_f401re_gcc\truestudio\.metadata\.plugins\sst.csgp\bin\env_vars.txt
GUI is waiting for subprocess to be done...
Execution done. EXIT CODE = 0
  Logging finished.  ## CURRENT TIME  : [12/7, 2015   11:29  53.659]
------------------------------------

------------------------------------
  Logging start.  ## CURRENT TIME  : [12/8, 2015   16:8  18.703]  ## COMMAND LINE  : 
cmd /C "gen_csini.exe"
------------------------------------
[STD-IN] : C:\home\TOPPERS\ASP\asp_1.9.2_utf8\target\nucleo_f401re_gcc\truestudio\.metadata\.plugins\sst.csgp\bin\env_vars.txt
GUI is waiting for subprocess to be done...
Execution done. EXIT CODE = 0
  Logging finished.  ## CURRENT TIME  : [12/8, 2015   16:8  21.682]
------------------------------------

------------------------------------
  Logging start.  ## CURRENT TIME  : [12/10, 2015   16:10  58.719]  ## COMMAND LINE  : 
cmd /C "gen_csini.exe"
------------------------------------
[STD-IN] : C:\home\TOPPERS\ASP\asp_1.9.2_utf8\target\nucleo_f401re_gcc\truestudio\.metadata\.plugins\sst.csgp\bin\env_vars.txt
GUI is waiting for subprocess to be done...
Execution done. EXIT CODE = 0
  Logging finished.  ## CURRENT TIME  : [12/10, 2015   16:11  1.714]
------------------------------------

------------------------------------
  Logging start.  ## CURRENT TIME  : [12/15, 2015   15:37  37.980]  ## COMMAND LINE  : 
cmd /C "gen_csini.exe"
------------------------------------
[STD-IN] : C:\home\TOPPERS\ASP\asp_1.9.2_utf8\target\nucleo_f401re_gcc\truestudio\.metadata\.plugins\sst.csgp\bin\env_vars.txt
GUI is waiting for subprocess to be done...
Execution done. EXIT CODE = 0
  Logging finished.  ## CURRENT TIME  : [12/15, 2015   15:37  40.546]
------------------------------------

------------------------------------
  Logging start.  ## CURRENT TIME  : [12/15, 2015   15:42  39.740]  ## COMMAND LINE  : 
cmd /C "gen_csini.exe"
------------------------------------
[STD-IN] : C:\home\TOPPERS\ASP\asp_1.9.2_utf8\target\nucleo_f401re_gcc\truestudio\.metadata\.plugins\sst.csgp\bin\env_vars.txt
GUI is waiting for subprocess to be done...
Execution done. EXIT CODE = 0
  Logging finished.  ## CURRENT TIME  : [12/15, 2015   15:42  42.294]
------------------------------------

------------------------------------
  Logging start.  ## CURRENT TIME  : [12/15, 2015   18:27  15.361]  ## COMMAND LINE  : 
cmd /C "gen_csini.exe"
------------------------------------
[STD-IN] : C:\home\TOPPERS\ASP\asp_1.9.2_utf8\target\nucleo_f401re_gcc\truestudio\.metadata\.plugins\sst.csgp\bin\env_vars.txt
GUI is waiting for subprocess to be done...
Execution done. EXIT CODE = 0
  Logging finished.  ## CURRENT TIME  : [12/15, 2015   18:27  18.341]
------------------------------------

------------------------------------
  Logging start.  ## CURRENT TIME  : [12/15, 2015   21:56  55.106]  ## COMMAND LINE  : 
cmd /C "gen_csini.exe"
------------------------------------
[STD-IN] : C:\home\TOPPERS\ASP\asp_1.9.2_utf8\target\nucleo_f401re_gcc\truestudio\.metadata\.plugins\sst.csgp\bin\env_vars.txt
GUI is waiting for subprocess to be done...
Execution done. EXIT CODE = 0
  Logging finished.  ## CURRENT TIME  : [12/15, 2015   21:56  58.530]
------------------------------------

------------------------------------
  Logging start.  ## CURRENT TIME  : [12/15, 2015   22:22  9.976]  ## COMMAND LINE  : 
cmd /C "gen_csini.exe"
------------------------------------
[STD-IN] : C:\home\TOPPERS\ASP\asp_1.9.2_utf8\target\nucleo_f401re_gcc\truestudio\.metadata\.plugins\sst.csgp\bin\env_vars.txt
GUI is waiting for subprocess to be done...
Execution done. EXIT CODE = 0
  Logging finished.  ## CURRENT TIME  : [12/15, 2015   22:22  13.472]
------------------------------------

------------------------------------
  Logging start.  ## CURRENT TIME  : [12/19, 2015   9:24  8.800]  ## COMMAND LINE  : 
cmd /C "gen_csini.exe"
------------------------------------
[STD-IN] : C:\home\TOPPERS\ASP\asp_1.9.2_utf8\target\nucleo_f401re_gcc\truestudio\.metadata\.plugins\sst.csgp\bin\env_vars.txt
GUI is waiting for subprocess to be done...
Execution done. EXIT CODE = 0
  Logging finished.  ## CURRENT TIME  : [12/19, 2015   9:24  11.889]
------------------------------------

------------------------------------
  Logging start.  ## CURRENT TIME  : [12/30, 2015   11:5  40.633]  ## COMMAND LINE  : 
cmd /C "gen_csini.exe"
------------------------------------
[STD-IN] : C:\Users\honda\Desktop\back\asp_1.9.2_utf8\target\nucleo_f401re_gcc\truestudio\.metadata\.plugins\sst.csgp\bin\env_vars.txt
GUI is waiting for subprocess to be done...
Execution done. EXIT CODE = 0
  Logging finished.  ## CURRENT TIME  : [12/30, 2015   11:5  44.558]
------------------------------------

------------------------------------
  Logging start.  ## CURRENT TIME  : [12/30, 2015   11:8  52.168]  ## COMMAND LINE  : 
cmd /C "gen_csini.exe"
------------------------------------
[STD-IN] : C:\home\TOPPERS\ASP\asp_1.9.2_utf8\target\nucleo_f401re_gcc\truestudio\.metadata\.plugins\sst.csgp\bin\env_vars.txt
GUI is waiting for subprocess to be done...
Execution done. EXIT CODE = 0
  Logging finished.  ## CURRENT TIME  : [12/30, 2015   11:8  55.366]
------------------------------------

------------------------------------
  Logging start.  ## CURRENT TIME  : [12/30, 2015   11:18  8.827]  ## COMMAND LINE  : 
cmd /C "gen_csini.exe"
------------------------------------
[STD-IN] : C:\home\TOPPERS\ASP\asp_1.9.2_utf8\target\nucleo_f401re_gcc\truestudio\.metadata\.plugins\sst.csgp\bin\env_vars.txt
GUI is waiting for subprocess to be done...
Execution done. EXIT CODE = 0
  Logging finished.  ## CURRENT TIME  : [12/30, 2015   11:18  12.48]
------------------------------------

------------------------------------
  Logging start.  ## CURRENT TIME  : [2/16, 2016   10:29  3.236]  ## COMMAND LINE  : 
cmd /C "gen_csini.exe"
------------------------------------
[STD-IN] : C:\home\TOPPERS\ASP\asp_1.9.2_utf8\target\nucleo_f401re_gcc\truestudio\.metadata\.plugins\sst.csgp\bin\env_vars.txt
GUI is waiting for subprocess to be done...
Execution done. EXIT CODE = 0
  Logging finished.  ## CURRENT TIME  : [2/16, 2016   10:29  6.335]
------------------------------------

------------------------------------
  Logging start.  ## CURRENT TIME  : [2/16, 2016   17:58  7.804]  ## COMMAND LINE  : 
cmd /C "gen_csini.exe"
------------------------------------
[STD-IN] : C:\home\TOPPERS\ASP\asp_1.9.2_utf8\target\nucleo_f401re_gcc\truestudio\.metadata\.plugins\sst.csgp\bin\env_vars.txt
GUI is waiting for subprocess to be done...
Execution done. EXIT CODE = 0
  Logging finished.  ## CURRENT TIME  : [2/16, 2016   17:58  11.172]
------------------------------------

------------------------------------
  Logging start.  ## CURRENT TIME  : [2/16, 2016   18:1  44.694]  ## COMMAND LINE  : 
cmd /C "gen_csini.exe"
------------------------------------
[STD-IN] : C:\home\TOPPERS\ASP\asp_1.9.2_utf8\target\nucleo_f401re_gcc\truestudio\.metadata\.plugins\sst.csgp\bin\env_vars.txt
GUI is waiting for subprocess to be done...
Execution done. EXIT CODE = 0
  Logging finished.  ## CURRENT TIME  : [2/16, 2016   18:1  47.760]
------------------------------------

------------------------------------
  Logging start.  ## CURRENT TIME  : [2/16, 2016   18:17  34.965]  ## COMMAND LINE  : 
cmd /C "gen_csini.exe"
------------------------------------
[STD-IN] : C:\home\TOPPERS\ASP\asp_1.9.2_utf8\target\nucleo_f401re_gcc\truestudio\.metadata\.plugins\sst.csgp\bin\env_vars.txt
GUI is waiting for subprocess to be done...
Execution done. EXIT CODE = 0
  Logging finished.  ## CURRENT TIME  : [2/16, 2016   18:17  37.975]
------------------------------------
